2021-11-05 00:00:18.457  INFO lhrlt-6591 --- [nio-8080-exec-4] c.e.i.c.CountryController                : Request findByCountryCode countryCode ==> AFG
2021-11-05 00:01:21.119  INFO lhrlt-6591 --- [nio-8080-exec-6] c.e.i.c.CountryController                : Request findByCountryCode countryCode ==> AFG
2021-11-05 00:01:23.233  INFO lhrlt-6591 --- [nio-8080-exec-8] c.e.i.c.CountryController                : Request fetchAllCityByCountryCode countryCode ==> AFG
2021-11-05 00:01:24.991  INFO lhrlt-6591 --- [nio-8080-exec-9] c.e.i.c.CountryController                : Request findByCountryCode countryCode ==> AFG
2021-11-05 00:02:11.276  INFO lhrlt-6591 --- [nio-8080-exec-1] c.e.i.c.CountryController                : Request findByCountryCode countryCode ==> AFG
2021-11-05 00:02:17.796  INFO lhrlt-6591 --- [nio-8080-exec-2] c.e.i.c.CountryController                : Request fetchAllCountry
2021-11-05 00:02:22.363  INFO lhrlt-6591 --- [nio-8080-exec-3] c.e.i.c.CountryController                : Request findByCountryCode countryCode ==> AFG
2021-11-05 00:02:25.093  INFO lhrlt-6591 --- [nio-8080-exec-4] c.e.i.c.CountryController                : Request fetchAllCityByCountryCode countryCode ==> AFG
2021-11-05 00:02:28.231  INFO lhrlt-6591 --- [nio-8080-exec-5] c.e.i.c.CountryController                : Request findByCountryCode countryCode ==> AFG
2021-11-05 00:03:29.871  INFO lhrlt-6591 --- [nio-8080-exec-7] c.e.i.c.CountryController                : Request findByCountryCode countryCode ==> AFG
2021-11-05 00:03:31.982  INFO lhrlt-6591 --- [nio-8080-exec-8] c.e.i.c.CountryController                : Request fetchAllCityByCountryCode countryCode ==> AFG
2021-11-05 00:03:33.530  INFO lhrlt-6591 --- [nio-8080-exec-9] c.e.i.c.CountryController                : Request findByCountryCode countryCode ==> AFG
2021-11-05 00:04:17.802  INFO lhrlt-6591 --- [io-8080-exec-10] c.e.i.c.CountryController                : Request findByCountryCode countryCode ==> AFG
2021-11-05 00:04:21.179  INFO lhrlt-6591 --- [nio-8080-exec-1] c.e.i.c.CountryController                : Request fetchAllCityByCountryCode countryCode ==> AFG
2021-11-05 00:04:22.086  INFO lhrlt-6591 --- [nio-8080-exec-2] c.e.i.c.CountryController                : Request findByCountryCode countryCode ==> AFG
2021-11-05 00:04:25.560  INFO lhrlt-6591 --- [nio-8080-exec-3] c.e.i.c.CountryController                : Request findByCountryCode countryCode ==> AFG
2021-11-05 00:04:35.161  INFO lhrlt-6591 --- [nio-8080-exec-4] c.e.i.c.CountryController                : Request findByCountryCode countryCode ==> AFG
2021-11-05 00:04:39.382  INFO lhrlt-6591 --- [nio-8080-exec-5] c.e.i.c.CountryController                : Request fetchAllCountry
2021-11-05 00:04:43.328  INFO lhrlt-6591 --- [nio-8080-exec-6] c.e.i.c.CountryController                : Request findByCountryCode countryCode ==> AFG
2021-11-05 00:04:59.029  INFO lhrlt-6591 --- [nio-8080-exec-7] c.e.i.c.CountryController                : Request fetchAllCountry
2021-11-05 00:05:03.995  INFO lhrlt-6591 --- [nio-8080-exec-8] c.e.i.c.CountryController                : Request findByCountryCode countryCode ==> AFG
2021-11-05 00:05:11.908  INFO lhrlt-6591 --- [nio-8080-exec-9] c.e.i.c.CountryController                : Request findByCountryCode countryCode ==> AFG
2021-11-05 00:05:13.621  INFO lhrlt-6591 --- [io-8080-exec-10] c.e.i.c.CountryController                : Request fetchAllCityByCountryCode countryCode ==> AFG
2021-11-05 00:05:15.071  INFO lhrlt-6591 --- [nio-8080-exec-1] c.e.i.c.CountryController                : Request findByCountryCode countryCode ==> AFG
2021-11-05 00:05:15.343  INFO lhrlt-6591 --- [nio-8080-exec-2] c.e.i.c.CountryController                : Request findByCountryCode countryCode ==> AFG
2021-11-05 00:06:17.334  INFO lhrlt-6591 --- [nio-8080-exec-4] c.e.i.c.CountryController                : Request fetchAllCountry
2021-11-05 00:06:21.875  INFO lhrlt-6591 --- [nio-8080-exec-5] c.e.i.c.CountryController                : Request findByCountryCode countryCode ==> AFG
2021-11-05 00:07:00.082  INFO lhrlt-6591 --- [nio-8080-exec-8] c.e.i.c.CountryController                : Request fetchAllBankByCountryCode countryCode ==> AFG
2021-11-05 00:07:04.222  INFO lhrlt-6591 --- [nio-8080-exec-9] c.e.i.c.CountryController                : Request findByCountryCode countryCode ==> AFG
2021-11-05 00:07:11.922  INFO lhrlt-6591 --- [io-8080-exec-10] c.e.i.c.CountryController                : Request fetchAllCountry
2021-11-05 00:07:18.427  INFO lhrlt-6591 --- [nio-8080-exec-2] c.e.i.c.CountryController                : Request findByCountryCode countryCode ==> ALB
2021-11-05 00:07:20.572  INFO lhrlt-6591 --- [nio-8080-exec-4] c.e.i.c.CountryController                : Request fetchAllBankByCountryCode countryCode ==> ALB
2021-11-05 00:07:25.353  INFO lhrlt-6591 --- [nio-8080-exec-5] c.e.i.c.CountryController                : Request findByCountryCode countryCode ==> ALB
2021-11-05 00:07:25.608  INFO lhrlt-6591 --- [nio-8080-exec-6] c.e.i.c.CountryController                : Request findByCountryCode countryCode ==> ALB
2021-11-05 00:07:42.129  INFO lhrlt-6591 --- [nio-8080-exec-7] c.e.i.c.CountryController                : Request findByCountryCode countryCode ==> ALB
2021-11-05 00:07:43.807  INFO lhrlt-6591 --- [nio-8080-exec-8] c.e.i.c.CountryController                : Request fetchAllBankByCountryCode countryCode ==> ALB
2021-11-05 00:08:07.762  INFO lhrlt-6591 --- [nio-8080-exec-9] c.e.i.c.CountryController                : Request findByCountryCode countryCode ==> ALB
2021-11-05 00:08:08.008  INFO lhrlt-6591 --- [io-8080-exec-10] c.e.i.c.CountryController                : Request findByCountryCode countryCode ==> ALB
2021-11-05 00:08:16.420  INFO lhrlt-6591 --- [nio-8080-exec-1] c.e.i.c.CountryController                : Request findByCountryCode countryCode ==> ALB
2021-11-05 00:08:35.390  INFO lhrlt-6591 --- [nio-8080-exec-2] c.e.i.c.CountryController                : Request findByCountryCode countryCode ==> ALB
2021-11-05 00:08:40.317  INFO lhrlt-6591 --- [nio-8080-exec-3] c.e.i.c.CountryController                : Request findByCountryCode countryCode ==> ALB
2021-11-05 00:08:46.120  INFO lhrlt-6591 --- [nio-8080-exec-4] c.e.i.c.CountryController                : Request fetchAllCountry
2021-11-05 00:08:50.221  INFO lhrlt-6591 --- [nio-8080-exec-5] c.e.i.c.CountryController                : Request findByCountryCode countryCode ==> AFG
2021-11-05 00:08:52.687  INFO lhrlt-6591 --- [nio-8080-exec-6] c.e.i.c.CountryController                : Request fetchAllCityByCountryCode countryCode ==> AFG
2021-11-05 00:08:54.050  INFO lhrlt-6591 --- [nio-8080-exec-7] c.e.i.c.CountryController                : Request findByCountryCode countryCode ==> AFG
2021-11-05 00:08:54.335  INFO lhrlt-6591 --- [nio-8080-exec-8] c.e.i.c.CountryController                : Request findByCountryCode countryCode ==> AFG
2021-11-05 00:08:59.638  INFO lhrlt-6591 --- [nio-8080-exec-9] c.e.i.c.CountryController                : Request findByCountryCode countryCode ==> AFG
2021-11-05 00:09:05.471  INFO lhrlt-6591 --- [io-8080-exec-10] c.e.i.c.CountryController                : Request fetchAllCityByCountryCode countryCode ==> AFG
2021-11-05 00:09:59.635  INFO lhrlt-6591 --- [nio-8080-exec-1] c.e.i.c.CountryController                : Request fetchAllCountry
2021-11-05 00:10:04.817  INFO lhrlt-6591 --- [nio-8080-exec-2] c.e.i.c.CountryController                : Request findByCountryCode countryCode ==> AFG
2021-11-05 00:10:07.008  INFO lhrlt-6591 --- [nio-8080-exec-3] c.e.i.c.CountryController                : Request fetchAllCityByCountryCode countryCode ==> AFG
2021-11-05 00:10:08.585  INFO lhrlt-6591 --- [nio-8080-exec-4] c.e.i.c.CountryController                : Request findByCountryCode countryCode ==> AFG
2021-11-05 00:10:08.860  INFO lhrlt-6591 --- [nio-8080-exec-5] c.e.i.c.CountryController                : Request findByCountryCode countryCode ==> AFG
2021-11-05 00:10:10.509  INFO lhrlt-6591 --- [nio-8080-exec-6] c.e.i.c.CountryController                : Request fetchAllBankByCountryCode countryCode ==> AFG
2021-11-05 00:10:12.606  INFO lhrlt-6591 --- [nio-8080-exec-7] c.e.i.c.CountryController                : Request findByCountryCode countryCode ==> AFG
2021-11-05 00:10:12.643  INFO lhrlt-6591 --- [nio-8080-exec-8] c.e.i.c.CountryController                : Request findByCountryCode countryCode ==> AFG
2021-11-05 00:10:12.905  INFO lhrlt-6591 --- [nio-8080-exec-9] c.e.i.c.CountryController                : Request findByCountryCode countryCode ==> AFG
2021-11-05 00:10:13.923  INFO lhrlt-6591 --- [nio-8080-exec-1] c.e.i.c.CountryController                : Request fetchAllWalletsByCountryCode countryCode ==> AFG
2021-11-05 00:10:15.545  INFO lhrlt-6591 --- [nio-8080-exec-2] c.e.i.c.CountryController                : Request findByCountryCode countryCode ==> AFG
2021-11-05 00:10:15.559  INFO lhrlt-6591 --- [nio-8080-exec-3] c.e.i.c.CountryController                : Request findByCountryCode countryCode ==> AFG
2021-11-05 00:10:15.570  INFO lhrlt-6591 --- [nio-8080-exec-4] c.e.i.c.CountryController                : Request findByCountryCode countryCode ==> AFG
2021-11-05 00:10:15.843  INFO lhrlt-6591 --- [nio-8080-exec-5] c.e.i.c.CountryController                : Request findByCountryCode countryCode ==> AFG
2021-11-05 00:10:31.108  INFO lhrlt-6591 --- [nio-8080-exec-6] c.e.i.c.CountryController                : Request findByCountryCode countryCode ==> AFG
2021-11-05 00:10:38.815  INFO lhrlt-6591 --- [nio-8080-exec-7] c.e.i.c.CountryController                : Request findByCountryCode countryCode ==> AFG
2021-11-05 00:10:40.775  INFO lhrlt-6591 --- [nio-8080-exec-8] c.e.i.c.CountryController                : Request fetchAllCityByCountryCode countryCode ==> AFG
2021-11-05 00:10:42.114  INFO lhrlt-6591 --- [nio-8080-exec-9] c.e.i.c.CountryController                : Request findByCountryCode countryCode ==> AFG
2021-11-05 00:10:42.383  INFO lhrlt-6591 --- [io-8080-exec-10] c.e.i.c.CountryController                : Request findByCountryCode countryCode ==> AFG
2021-11-05 00:10:47.852  INFO lhrlt-6591 --- [nio-8080-exec-1] c.e.i.c.CountryController                : Request findByCountryCode countryCode ==> AFG
2021-11-05 00:10:49.531  INFO lhrlt-6591 --- [nio-8080-exec-2] c.e.i.c.CountryController                : Request fetchAllCityByCountryCode countryCode ==> AFG
2021-11-05 00:10:50.715  INFO lhrlt-6591 --- [nio-8080-exec-3] c.e.i.c.CountryController                : Request findByCountryCode countryCode ==> AFG
2021-11-05 00:10:50.997  INFO lhrlt-6591 --- [nio-8080-exec-4] c.e.i.c.CountryController                : Request findByCountryCode countryCode ==> AFG
2021-11-05 00:10:55.774  INFO lhrlt-6591 --- [nio-8080-exec-5] c.e.i.c.CountryController                : Request findByCountryCode countryCode ==> AFG
2021-11-05 00:11:02.274  INFO lhrlt-6591 --- [nio-8080-exec-6] c.e.i.c.CountryController                : Request findByCountryCode countryCode ==> AFG
2021-11-05 00:11:04.559  INFO lhrlt-6591 --- [nio-8080-exec-7] c.e.i.c.CountryController                : Request fetchAllCityByCountryCode countryCode ==> AFG
2021-11-05 00:14:06.504  INFO lhrlt-6591 --- [nio-8080-exec-9] c.e.i.c.CountryController                : Request fetchAllCityByCountryCode countryCode ==> AFG
2021-11-05 00:15:02.907  INFO lhrlt-6591 --- [io-8080-exec-10] c.e.i.c.CountryController                : Request fetchAllCityByCountryCode countryCode ==> AFG
2021-11-05 00:15:30.901  INFO lhrlt-6591 --- [nio-8080-exec-1] c.e.i.c.CountryController                : Request fetchAllCountry
2021-11-05 00:15:30.959  INFO lhrlt-6591 --- [nio-8080-exec-2] c.e.i.c.CountryController                : Request fetchAllCountry
2021-11-05 00:15:35.160  INFO lhrlt-6591 --- [nio-8080-exec-3] c.e.i.c.CountryController                : Request findByCountryCode countryCode ==> AFG
2021-11-05 00:15:37.856  INFO lhrlt-6591 --- [nio-8080-exec-4] c.e.i.c.CountryController                : Request fetchAllCityByCountryCode countryCode ==> AFG
2021-11-05 00:16:00.289  INFO lhrlt-6591 --- [nio-8080-exec-5] c.e.i.c.CountryController                : Request findByCountryCode countryCode ==> AFG
2021-11-05 00:16:02.322  INFO lhrlt-6591 --- [nio-8080-exec-6] c.e.i.c.CountryController                : Request fetchAllCityByCountryCode countryCode ==> AFG
2021-11-05 00:16:14.944  INFO lhrlt-6591 --- [nio-8080-exec-7] c.e.i.c.CountryController                : Request findByCountryCode countryCode ==> AFG
2021-11-05 00:16:15.226  INFO lhrlt-6591 --- [nio-8080-exec-8] c.e.i.c.CountryController                : Request findByCountryCode countryCode ==> AFG
2021-11-05 00:16:22.283  INFO lhrlt-6591 --- [io-8080-exec-10] c.e.i.c.CountryController                : Request findByCountryCode countryCode ==> PAK
2021-11-05 00:16:23.715  INFO lhrlt-6591 --- [nio-8080-exec-2] c.e.i.c.CountryController                : Request fetchAllCityByCountryCode countryCode ==> PAK
2021-11-05 00:19:22.639  INFO lhrlt-6591 --- [nio-8080-exec-5] c.e.i.c.CountryController                : Request findByCountryCode countryCode ==> AFG
2021-11-05 00:19:22.912  INFO lhrlt-6591 --- [nio-8080-exec-6] c.e.i.c.CountryController                : Request findByCountryCode countryCode ==> AFG
2021-11-05 00:19:24.259  INFO lhrlt-6591 --- [nio-8080-exec-7] c.e.i.c.CountryController                : Request fetchAllCityByCountryCode countryCode ==> AFG
2021-11-05 00:19:30.035  INFO lhrlt-6591 --- [nio-8080-exec-8] c.e.i.c.CountryController                : Request fetchAllCountry
2021-11-05 00:19:30.074  INFO lhrlt-6591 --- [nio-8080-exec-9] c.e.i.c.CountryController                : Request fetchAllCountry
2021-11-05 00:19:35.043  INFO lhrlt-6591 --- [io-8080-exec-10] c.e.i.c.CountryController                : Request findByCountryCode countryCode ==> AFG
2021-11-05 00:19:38.287  INFO lhrlt-6591 --- [nio-8080-exec-1] c.e.i.c.CountryController                : Request fetchAllCityByCountryCode countryCode ==> AFG
2021-11-05 00:20:04.380  INFO lhrlt-6591 --- [nio-8080-exec-2] c.e.i.c.CountryController                : Request findByCountryCode countryCode ==> AFG
2021-11-05 00:20:04.646  INFO lhrlt-6591 --- [nio-8080-exec-3] c.e.i.c.CountryController                : Request findByCountryCode countryCode ==> AFG
2021-11-05 00:20:10.609  INFO lhrlt-6591 --- [nio-8080-exec-4] c.e.i.c.CountryController                : Request findByCountryCode countryCode ==> PAK
2021-11-05 00:20:19.938  INFO lhrlt-6591 --- [nio-8080-exec-5] c.e.i.c.CountryController                : Request fetchAllCityByCountryCode countryCode ==> PAK
2021-11-05 00:23:25.945  INFO lhrlt-6591 --- [nio-8080-exec-7] c.e.i.c.CountryController                : Request findByCountryCode countryCode ==> PAK
2021-11-05 00:23:26.215  INFO lhrlt-6591 --- [nio-8080-exec-8] c.e.i.c.CountryController                : Request findByCountryCode countryCode ==> PAK
2021-11-05 00:23:30.333  INFO lhrlt-6591 --- [nio-8080-exec-9] c.e.i.c.CountryController                : Request findByCountryCode countryCode ==> PAK
2021-11-05 00:24:07.239  INFO lhrlt-6591 --- [io-8080-exec-10] c.e.i.c.CountryController                : Request findByCountryCode countryCode ==> PAK
2021-11-05 00:27:34.319  INFO lhrlt-6591 --- [nio-8080-exec-3] c.e.i.c.CountryController                : Request fetchAllCountry
2021-11-05 00:27:34.366  INFO lhrlt-6591 --- [nio-8080-exec-4] c.e.i.c.CountryController                : Request fetchAllCountry
2021-11-05 00:27:38.056  INFO lhrlt-6591 --- [nio-8080-exec-6] c.e.i.c.CountryController                : Request findByCountryCode countryCode ==> AFG
2021-11-05 00:28:01.721  INFO lhrlt-6591 --- [nio-8080-exec-7] c.e.i.c.CountryController                : Request fetchAllCountry
2021-11-05 00:28:02.154  INFO lhrlt-6591 --- [nio-8080-exec-8] c.e.i.c.CountryController                : Request findByCountryCode countryCode ==> AFG
2021-11-05 00:28:15.725  INFO lhrlt-6591 --- [nio-8080-exec-9] c.e.i.c.CountryController                : Request fetchAllCountry
2021-11-05 00:28:16.024  INFO lhrlt-6591 --- [io-8080-exec-10] c.e.i.c.CountryController                : Request findByCountryCode countryCode ==> AFG
2021-11-05 00:29:44.642  INFO lhrlt-6591 --- [nio-8080-exec-3] c.e.i.c.CountryController                : Request fetchAllCountry
2021-11-05 00:29:44.997  INFO lhrlt-6591 --- [nio-8080-exec-4] c.e.i.c.CountryController                : Request findByCountryCode countryCode ==> AFG
2021-11-05 00:30:20.760  INFO lhrlt-6591 --- [nio-8080-exec-5] c.e.i.c.CountryController                : Request fetchAllCountry
2021-11-05 00:30:21.078  INFO lhrlt-6591 --- [nio-8080-exec-6] c.e.i.c.CountryController                : Request findByCountryCode countryCode ==> AFG
2021-11-05 00:32:27.704  INFO lhrlt-6591 --- [nio-8080-exec-8] c.e.i.c.CountryController                : Request fetchAllCountry
2021-11-05 00:32:27.735  INFO lhrlt-6591 --- [nio-8080-exec-9] c.e.i.c.CountryController                : Request findByCountryCode countryCode ==> AFG
2021-11-05 00:32:30.057  INFO lhrlt-6591 --- [nio-8080-exec-1] c.e.i.c.CountryController                : Request fetchAllCityByCountryCode countryCode ==> AFG
2021-11-05 00:32:31.181  INFO lhrlt-6591 --- [nio-8080-exec-2] c.e.i.c.CountryController                : Request findByCountryCode countryCode ==> AFG
2021-11-05 00:32:31.454  INFO lhrlt-6591 --- [nio-8080-exec-3] c.e.i.c.CountryController                : Request findByCountryCode countryCode ==> AFG
2021-11-05 00:33:22.441  INFO lhrlt-6591 --- [nio-8080-exec-4] c.e.i.c.CountryController                : Request fetchAllCountry
2021-11-05 00:33:22.479  INFO lhrlt-6591 --- [nio-8080-exec-5] c.e.i.c.CountryController                : Request findByCountryCode countryCode ==> AFG
2021-11-05 00:33:30.879  INFO lhrlt-6591 --- [nio-8080-exec-6] c.e.i.c.CountryController                : Request findByCountryCode countryCode ==> ALB
2021-11-05 00:33:40.256  INFO lhrlt-6591 --- [nio-8080-exec-7] c.e.i.c.CountryController                : Request fetchAllCityByCountryCode countryCode ==> AFG
2021-11-05 00:33:53.628  INFO lhrlt-6591 --- [nio-8080-exec-8] c.e.i.c.CountryController                : Request fetchAllCityByCountryCode countryCode ==> AFG
2021-11-05 00:33:56.072  INFO lhrlt-6591 --- [nio-8080-exec-9] c.e.i.c.CountryController                : Request findByCountryCode countryCode ==> AFG
2021-11-05 00:33:59.529  INFO lhrlt-6591 --- [io-8080-exec-10] c.e.i.c.CountryController                : Request fetchAllCountry
2021-11-05 00:34:08.514  INFO lhrlt-6591 --- [nio-8080-exec-1] c.e.i.c.CountryController                : Request findByCountryCode countryCode ==> AFG
2021-11-05 00:34:17.397  INFO lhrlt-6591 --- [nio-8080-exec-2] c.e.i.c.CountryController                : Request findByCountryCode countryCode ==> AFG
2021-11-05 00:34:23.958  INFO lhrlt-6591 --- [nio-8080-exec-4] c.e.i.c.CountryController                : Request fetchAllCityByCountryCode countryCode ==> AFG
2021-11-05 00:35:05.094  INFO lhrlt-6591 --- [nio-8080-exec-5] c.e.i.c.CountryController                : Request fetchAllCityByCountryCode countryCode ==> AFG
2021-11-05 00:35:36.178  INFO lhrlt-6591 --- [nio-8080-exec-6] c.e.i.c.CountryController                : Request fetchAllCityByCountryCode countryCode ==> AFG
2021-11-05 00:36:09.128  INFO lhrlt-6591 --- [nio-8080-exec-7] c.e.i.c.CountryController                : Request fetchAllCityByCountryCode countryCode ==> AFG
2021-11-05 00:36:36.527  INFO lhrlt-6591 --- [nio-8080-exec-8] c.e.i.c.CountryController                : Request fetchAllCityByCountryCode countryCode ==> AFG
2021-11-05 00:36:49.024  INFO lhrlt-6591 --- [nio-8080-exec-9] c.e.i.c.CountryController                : Request fetchAllCityByCountryCode countryCode ==> AFG
2021-11-05 00:36:59.392  INFO lhrlt-6591 --- [io-8080-exec-10] c.e.i.c.CountryController                : Request fetchAllCityByCountryCode countryCode ==> AFG
2021-11-05 00:38:36.106  INFO lhrlt-6591 --- [nio-8080-exec-2] c.e.i.c.CountryController                : Request fetchAllCityByCountryCode countryCode ==> AFG
2021-11-05 00:38:49.423  INFO lhrlt-6591 --- [nio-8080-exec-3] c.e.i.c.CountryController                : Request findByCountryCode countryCode ==> AFG
2021-11-05 00:38:49.462  INFO lhrlt-6591 --- [nio-8080-exec-5] c.e.i.c.CountryController                : Request findByCountryCode countryCode ==> ALB
2021-11-05 00:38:51.091  INFO lhrlt-6591 --- [nio-8080-exec-6] c.e.i.c.CountryController                : Request fetchAllCityByCountryCode countryCode ==> AFG
2021-11-05 00:39:30.178  INFO lhrlt-6591 --- [nio-8080-exec-7] c.e.i.c.CountryController                : Request fetchAllCountry
2021-11-05 00:39:30.224  INFO lhrlt-6591 --- [nio-8080-exec-8] c.e.i.c.CountryController                : Request fetchAllCountry
2021-11-05 00:39:35.597  INFO lhrlt-6591 --- [nio-8080-exec-9] c.e.i.c.CountryController                : Request findByCountryCode countryCode ==> AFG
2021-11-05 00:39:39.065  INFO lhrlt-6591 --- [io-8080-exec-10] c.e.i.c.CountryController                : Request fetchAllCityByCountryCode countryCode ==> AFG
2021-11-05 00:39:49.598  INFO lhrlt-6591 --- [nio-8080-exec-1] c.e.i.c.CountryController                : Request findByCountryCode countryCode ==> AFG
2021-11-05 00:39:51.220  INFO lhrlt-6591 --- [nio-8080-exec-2] c.e.i.c.CountryController                : Request fetchAllCityByCountryCode countryCode ==> AFG
2021-11-05 00:40:04.643  INFO lhrlt-6591 --- [nio-8080-exec-3] c.e.i.c.CountryController                : Request fetchAllCityByCountryCode countryCode ==> AFG
2021-11-05 00:41:19.819  INFO lhrlt-6591 --- [nio-8080-exec-6] c.e.i.c.CountryController                : Request fetchAllCityByCountryCode countryCode ==> AFG
2021-11-05 00:41:19.854  INFO lhrlt-6591 --- [nio-8080-exec-7] c.e.i.c.CountryController                : Request fetchAllCityByCountryCode countryCode ==> AFG
2021-11-05 00:41:35.032  INFO lhrlt-6591 --- [nio-8080-exec-8] c.e.i.c.CountryController                : Request fetchAllCityByCountryCode countryCode ==> AFG
2021-11-05 00:47:02.411  INFO lhrlt-6591 --- [io-8080-exec-10] c.e.i.c.CountryController                : Request fetchAllCityByCountryCode countryCode ==> AFG
2021-11-05 00:47:02.485  INFO lhrlt-6591 --- [nio-8080-exec-1] c.e.i.c.CountryController                : Request fetchAllCityByCountryCode countryCode ==> AFG
2021-11-05 00:47:16.716  INFO lhrlt-6591 --- [nio-8080-exec-2] c.e.i.c.CountryController                : Request findByCountryCode countryCode ==> AFG
2021-11-05 00:47:20.083  INFO lhrlt-6591 --- [nio-8080-exec-3] c.e.i.c.CountryController                : Request fetchAllCountry
2021-11-05 00:47:20.125  INFO lhrlt-6591 --- [nio-8080-exec-4] c.e.i.c.CountryController                : Request fetchAllCountry
2021-11-05 00:47:28.563  INFO lhrlt-6591 --- [nio-8080-exec-5] c.e.i.c.CountryController                : Request findByCountryCode countryCode ==> AFG
2021-11-05 00:53:57.389  INFO lhrlt-6591 --- [nio-8080-exec-7] c.e.i.c.CountryController                : Request fetchAllCountry
2021-11-05 00:53:57.492  INFO lhrlt-6591 --- [nio-8080-exec-8] c.e.i.c.CountryController                : Request findByCountryCode countryCode ==> AFG
2021-11-05 00:54:39.285  INFO lhrlt-6591 --- [nio-8080-exec-9] c.e.i.c.CountryController                : Request fetchAllCountry
2021-11-05 00:54:39.750  INFO lhrlt-6591 --- [io-8080-exec-10] c.e.i.c.CountryController                : Request findByCountryCode countryCode ==> AFG
2021-11-05 00:55:47.995  INFO lhrlt-6591 --- [nio-8080-exec-2] c.e.i.c.CountryController                : Request fetchAllCityByCountryCode countryCode ==> AFG
2021-11-05 00:55:50.279  INFO lhrlt-6591 --- [nio-8080-exec-3] c.e.i.c.CountryController                : Request fetchAllCountry
2021-11-05 00:55:50.337  INFO lhrlt-6591 --- [nio-8080-exec-4] c.e.i.c.CountryController                : Request findByCountryCode countryCode ==> AFG
2021-11-05 00:56:40.204  INFO lhrlt-6591 --- [nio-8080-exec-5] c.e.i.c.CountryController                : Request fetchAllCountry
2021-11-05 00:56:40.734  INFO lhrlt-6591 --- [nio-8080-exec-6] c.e.i.c.CountryController                : Request findByCountryCode countryCode ==> AFG
2021-11-05 00:57:18.008  INFO lhrlt-6591 --- [nio-8080-exec-7] c.e.i.c.CountryController                : Request fetchAllCountry
2021-11-05 00:57:18.074  INFO lhrlt-6591 --- [nio-8080-exec-8] c.e.i.c.CountryController                : Request findByCountryCode countryCode ==> AFG
2021-11-05 00:57:55.756  INFO lhrlt-6591 --- [io-8080-exec-10] c.e.i.c.CountryController                : Request fetchAllCountry
2021-11-05 00:57:56.327  INFO lhrlt-6591 --- [nio-8080-exec-2] c.e.i.c.CountryController                : Request findByCountryCode countryCode ==> AFG
2021-11-05 00:58:13.098  INFO lhrlt-6591 --- [nio-8080-exec-3] c.e.i.c.CountryController                : Request findByCountryCode countryCode ==> AFG
2021-11-05 00:58:18.717  INFO lhrlt-6591 --- [nio-8080-exec-4] c.e.i.c.CountryController                : Request fetchAllCityByCountryCode countryCode ==> AFG
2021-11-05 00:58:23.168  INFO lhrlt-6591 --- [nio-8080-exec-5] c.e.i.c.CountryController                : Request findByCountryCode countryCode ==> AFG
2021-11-05 00:58:23.442  INFO lhrlt-6591 --- [nio-8080-exec-6] c.e.i.c.CountryController                : Request findByCountryCode countryCode ==> AFG
2021-11-05 00:58:26.375  INFO lhrlt-6591 --- [nio-8080-exec-7] c.e.i.c.CountryController                : Request fetchAllCityByCountryCode countryCode ==> AFG
2021-11-05 00:58:44.235  INFO lhrlt-6591 --- [nio-8080-exec-8] c.e.i.c.CountryController                : Request fetchAllCityByCountryCode countryCode ==> AFG
2021-11-05 00:58:49.634  INFO lhrlt-6591 --- [nio-8080-exec-9] c.e.i.c.CountryController                : Request fetchAllCountry
2021-11-05 00:58:58.546  INFO lhrlt-6591 --- [nio-8080-exec-1] c.e.i.c.CountryController                : Request findByCountryCode countryCode ==> PAK
2021-11-05 00:59:05.645  INFO lhrlt-6591 --- [nio-8080-exec-3] c.e.i.c.CountryController                : Request fetchAllCityByCountryCode countryCode ==> PAK
2021-11-05 01:00:40.006  INFO lhrlt-6591 --- [nio-8080-exec-6] c.e.i.c.CityController                   : Request enableDisableCity cityDto ==> {"cityId":1003,"cityName":"Ghourghushi","enabled":"N"}
2021-11-05 01:00:52.471  INFO lhrlt-6591 --- [nio-8080-exec-7] c.e.i.c.CountryController                : Request findByCountryCode countryCode ==> PAK
2021-11-05 01:00:52.805  INFO lhrlt-6591 --- [nio-8080-exec-8] c.e.i.c.CountryController                : Request findByCountryCode countryCode ==> PAK
2021-11-05 01:00:54.201  INFO lhrlt-6591 --- [nio-8080-exec-9] c.e.i.c.CountryController                : Request fetchAllCityByCountryCode countryCode ==> PAK
2021-11-05 01:01:04.835  INFO lhrlt-6591 --- [io-8080-exec-10] c.e.i.c.CityController                   : Request enableDisableCity cityDto ==> {"cityId":1000,"cityName":"Abbotabad","enabled":"N"}
2021-11-05 01:01:06.564  INFO lhrlt-6591 --- [nio-8080-exec-1] c.e.i.c.CountryController                : Request findByCountryCode countryCode ==> PAK
2021-11-05 01:01:06.599  INFO lhrlt-6591 --- [nio-8080-exec-2] c.e.i.c.CountryController                : Request findByCountryCode countryCode ==> PAK
2021-11-05 01:01:06.908  INFO lhrlt-6591 --- [nio-8080-exec-3] c.e.i.c.CountryController                : Request findByCountryCode countryCode ==> PAK
2021-11-05 01:01:08.223  INFO lhrlt-6591 --- [nio-8080-exec-4] c.e.i.c.CountryController                : Request fetchAllCityByCountryCode countryCode ==> PAK
2021-11-05 01:02:05.673  INFO lhrlt-6591 --- [nio-8080-exec-5] c.e.i.c.CountryController                : Request fetchAllCityByCountryCode countryCode ==> PAK
2021-11-05 01:02:20.949  INFO lhrlt-6591 --- [nio-8080-exec-6] c.e.i.c.CountryController                : Request findByCountryCode countryCode ==> PAK
2021-11-05 01:02:22.637  INFO lhrlt-6591 --- [nio-8080-exec-8] c.e.i.c.CountryController                : Request fetchAllBankByCountryCode countryCode ==> PAK
2021-11-05 01:03:26.427  INFO lhrlt-6591 --- [io-8080-exec-10] c.e.i.c.CountryController                : Request fetchAllBankByCountryCode countryCode ==> PAK
2021-11-05 01:03:59.303  INFO lhrlt-6591 --- [nio-8080-exec-1] c.e.i.c.CountryController                : Request fetchAllBankByCountryCode countryCode ==> PAK
2021-11-05 01:04:23.817  INFO lhrlt-6591 --- [nio-8080-exec-2] c.e.i.c.CountryController                : Request fetchAllBankByCountryCode countryCode ==> PAK
2021-11-05 01:04:29.340  INFO lhrlt-6591 --- [nio-8080-exec-3] c.e.i.c.CountryController                : Request findByCountryCode countryCode ==> AFG
2021-11-05 01:04:29.456  INFO lhrlt-6591 --- [nio-8080-exec-5] c.e.i.c.CountryController                : Request fetchAllCityByCountryCode countryCode ==> AFG
2021-11-05 01:04:35.728  INFO lhrlt-6591 --- [nio-8080-exec-6] c.e.i.c.CountryController                : Request fetchAllCountry
2021-11-05 01:04:36.461  INFO lhrlt-6591 --- [nio-8080-exec-7] c.e.i.c.CountryController                : Request fetchAllCountry
2021-11-05 01:04:47.885  INFO lhrlt-6591 --- [nio-8080-exec-8] c.e.i.c.CountryController                : Request findByCountryCode countryCode ==> PAK
2021-11-05 01:04:51.664  INFO lhrlt-6591 --- [nio-8080-exec-9] c.e.i.c.CountryController                : Request fetchAllBankByCountryCode countryCode ==> PAK
2021-11-05 01:05:04.526  INFO lhrlt-6591 --- [io-8080-exec-10] c.e.i.c.CountryController                : Request findByCountryCode countryCode ==> AFG
2021-11-05 01:05:06.291  INFO lhrlt-6591 --- [nio-8080-exec-2] c.e.i.c.CountryController                : Request fetchAllBankByCountryCode countryCode ==> AFG
2021-11-05 01:05:17.694  INFO lhrlt-6591 --- [nio-8080-exec-3] c.e.i.c.CountryController                : Request findByCountryCode countryCode ==> PAK
2021-11-05 01:05:17.990  INFO lhrlt-6591 --- [nio-8080-exec-4] c.e.i.c.CountryController                : Request findByCountryCode countryCode ==> PAK
2021-11-05 01:05:28.737  INFO lhrlt-6591 --- [nio-8080-exec-5] c.e.i.c.CountryController                : Request findByCountryCode countryCode ==> PAK
2021-11-05 01:05:30.857  INFO lhrlt-6591 --- [nio-8080-exec-6] c.e.i.c.CountryController                : Request fetchAllCityByCountryCode countryCode ==> PAK
2021-11-05 01:05:33.600  INFO lhrlt-6591 --- [nio-8080-exec-7] c.e.i.c.CountryController                : Request findByCountryCode countryCode ==> PAK
2021-11-05 01:05:33.895  INFO lhrlt-6591 --- [nio-8080-exec-8] c.e.i.c.CountryController                : Request findByCountryCode countryCode ==> PAK
2021-11-05 01:05:34.891  INFO lhrlt-6591 --- [nio-8080-exec-9] c.e.i.c.CountryController                : Request fetchAllBankByCountryCode countryCode ==> PAK
2021-11-05 01:06:42.479  INFO lhrlt-6591 --- [nio-8080-exec-1] c.e.i.c.CountryController                : Request fetchAllBankByCountryCode countryCode ==> PAK
2021-11-05 01:06:49.376  INFO lhrlt-6591 --- [nio-8080-exec-2] c.e.i.c.CountryController                : Request fetchAllCountry
2021-11-05 01:06:55.401  INFO lhrlt-6591 --- [nio-8080-exec-3] c.e.i.c.CountryController                : Request findByCountryCode countryCode ==> AFG
2021-11-05 01:06:57.010  INFO lhrlt-6591 --- [nio-8080-exec-5] c.e.i.c.CountryController                : Request fetchAllWalletsByCountryCode countryCode ==> AFG
2021-11-05 01:06:59.173  INFO lhrlt-6591 --- [nio-8080-exec-6] c.e.i.c.CountryController                : Request findByCountryCode countryCode ==> AFG
2021-11-05 01:06:59.440  INFO lhrlt-6591 --- [nio-8080-exec-7] c.e.i.c.CountryController                : Request findByCountryCode countryCode ==> AFG
2021-11-05 01:07:09.611  INFO lhrlt-6591 --- [nio-8080-exec-8] c.e.i.c.CountryController                : Request findByCountryCode countryCode ==> PAK
2021-11-05 01:07:14.445  INFO lhrlt-6591 --- [io-8080-exec-10] c.e.i.c.CountryController                : Request fetchAllWalletsByCountryCode countryCode ==> PAK
2021-11-05 14:14:09.209  INFO lhrlt-6591 --- [           main] c.e.i.ImrhApplication                    : Starting ImrhApplication using Java 1.8.0_201 on lhrlt-6591 with PID 12216 (E:\IMR-App\imrh\target\classes started by nabeel.jamil in E:\IMR-App\imrh)
2021-11-05 14:14:09.333 DEBUG lhrlt-6591 --- [           main] c.e.i.ImrhApplication                    : Running with Spring Boot v2.5.5, Spring v5.3.10
2021-11-05 14:14:09.334  INFO lhrlt-6591 --- [           main] c.e.i.ImrhApplication                    : No active profile set, falling back to default profiles: default
2021-11-05 14:14:10.972  INFO lhrlt-6591 --- [           main] .s.d.r.c.RepositoryConfigurationDelegate : Bootstrapping Spring Data JPA repositories in DEFAULT mode.
2021-11-05 14:14:11.398  INFO lhrlt-6591 --- [           main] .s.d.r.c.RepositoryConfigurationDelegate : Finished Spring Data repository scanning in 403 ms. Found 18 JPA repository interfaces.
2021-11-05 14:14:16.113  INFO lhrlt-6591 --- [           main] o.s.b.w.e.t.TomcatWebServer              : Tomcat initialized with port(s): 8080 (http)
2021-11-05 14:14:16.142  INFO lhrlt-6591 --- [           main] o.a.c.h.Http11NioProtocol                : Initializing ProtocolHandler ["http-nio-8080"]
2021-11-05 14:14:16.143  INFO lhrlt-6591 --- [           main] o.a.c.c.StandardService                  : Starting service [Tomcat]
2021-11-05 14:14:16.144  INFO lhrlt-6591 --- [           main] o.a.c.c.StandardEngine                   : Starting Servlet engine: [Apache Tomcat/9.0.53]
2021-11-05 14:14:16.793  INFO lhrlt-6591 --- [           main] o.a.c.c.C.[.[.[/]                        : Initializing Spring embedded WebApplicationContext
2021-11-05 14:14:16.796  INFO lhrlt-6591 --- [           main] w.s.c.ServletWebServerApplicationContext : Root WebApplicationContext: initialization completed in 7395 ms
2021-11-05 14:14:17.240  INFO lhrlt-6591 --- [           main] c.z.h.HikariDataSource                   : HikariPool-1 - Starting...
2021-11-05 14:14:18.047  INFO lhrlt-6591 --- [           main] c.z.h.HikariDataSource                   : HikariPool-1 - Start completed.
2021-11-05 14:14:18.201  INFO lhrlt-6591 --- [           main] o.h.j.i.u.LogHelper                      : HHH000204: Processing PersistenceUnitInfo [name: default]
2021-11-05 14:14:18.399  INFO lhrlt-6591 --- [           main] o.h.Version                              : HHH000412: Hibernate ORM core version 5.4.32.Final
2021-11-05 14:14:18.870  INFO lhrlt-6591 --- [           main] o.h.a.c.Version                          : HCANN000001: Hibernate Commons Annotations {5.1.2.Final}
2021-11-05 14:14:19.189  INFO lhrlt-6591 --- [           main] o.h.d.Dialect                            : HHH000400: Using dialect: org.hibernate.dialect.PostgreSQLDialect
2021-11-05 14:14:19.875  WARN lhrlt-6591 --- [           main] o.h.m.RootClass                          : HHH000038: Composite-id class does not override equals(): com.etisalat.imrh.entity.PartnerCountryProductId
2021-11-05 14:14:19.875  WARN lhrlt-6591 --- [           main] o.h.m.RootClass                          : HHH000039: Composite-id class does not override hashCode(): com.etisalat.imrh.entity.PartnerCountryProductId
2021-11-05 14:14:20.790  INFO lhrlt-6591 --- [           main] o.h.e.t.j.p.i.JtaPlatformInitiator       : HHH000490: Using JtaPlatform implementation: [org.hibernate.engine.transaction.jta.platform.internal.NoJtaPlatform]
2021-11-05 14:14:20.805  INFO lhrlt-6591 --- [           main] j.LocalContainerEntityManagerFactoryBean : Initialized JPA EntityManagerFactory for persistence unit 'default'
2021-11-05 14:14:23.780  WARN lhrlt-6591 --- [           main] JpaBaseConfiguration$JpaWebConfiguration : spring.jpa.open-in-view is enabled by default. Therefore, database queries may be performed during view rendering. Explicitly configure spring.jpa.open-in-view to disable this warning
2021-11-05 14:14:24.227  INFO lhrlt-6591 --- [           main] pertySourcedRequestMappingHandlerMapping : Mapped URL path [/v2/api-docs] onto method [springfox.documentation.swagger2.web.Swagger2Controller#getDocumentation(String, HttpServletRequest)]
2021-11-05 14:14:24.982  INFO lhrlt-6591 --- [           main] o.a.c.h.Http11NioProtocol                : Starting ProtocolHandler ["http-nio-8080"]
2021-11-05 14:14:25.059  INFO lhrlt-6591 --- [           main] o.s.b.w.e.t.TomcatWebServer              : Tomcat started on port(s): 8080 (http) with context path ''
2021-11-05 14:14:25.062  INFO lhrlt-6591 --- [           main] d.s.w.p.DocumentationPluginsBootstrapper : Context refreshed
2021-11-05 14:14:25.092  INFO lhrlt-6591 --- [           main] d.s.w.p.DocumentationPluginsBootstrapper : Found 1 custom documentation plugin(s)
2021-11-05 14:14:25.206  INFO lhrlt-6591 --- [           main] s.d.s.w.s.ApiListingReferenceScanner     : Scanning for api listing references
2021-11-05 14:14:25.803  INFO lhrlt-6591 --- [           main] c.e.i.ImrhApplication                    : Started ImrhApplication in 17.148 seconds (JVM running for 19.559)
2021-11-05 14:17:01.027  INFO lhrlt-6591 --- [nio-8080-exec-1] o.a.c.c.C.[.[.[/]                        : Initializing Spring DispatcherServlet 'dispatcherServlet'
2021-11-05 14:17:01.027  INFO lhrlt-6591 --- [nio-8080-exec-1] o.s.w.s.DispatcherServlet                : Initializing Servlet 'dispatcherServlet'
2021-11-05 14:17:01.031  INFO lhrlt-6591 --- [nio-8080-exec-1] o.s.w.s.DispatcherServlet                : Completed initialization in 3 ms
2021-11-05 14:17:01.112  INFO lhrlt-6591 --- [nio-8080-exec-3] c.e.i.c.CountryController                : Request fetchAllCountry
2021-11-05 14:17:01.409  INFO lhrlt-6591 --- [nio-8080-exec-4] c.e.i.c.CountryController                : Request fetchAllCountry
2021-11-05 14:20:23.268  INFO lhrlt-6591 --- [nio-8080-exec-8] c.e.i.c.CountryController                : Request findByCountryCode countryCode ==> AFG
2021-11-05 14:20:25.237  INFO lhrlt-6591 --- [io-8080-exec-10] c.e.i.c.CountryController                : Request fetchAllCityByCountryCode countryCode ==> AFG
2021-11-05 14:20:32.376  INFO lhrlt-6591 --- [nio-8080-exec-1] c.e.i.c.CountryController                : Request findByCountryCode countryCode ==> AFG
2021-11-05 14:20:32.628  INFO lhrlt-6591 --- [nio-8080-exec-2] c.e.i.c.CountryController                : Request findByCountryCode countryCode ==> AFG
2021-11-05 14:20:38.091  INFO lhrlt-6591 --- [nio-8080-exec-4] c.e.i.c.CountryController                : Request findByCountryCode countryCode ==> DZA
2021-11-05 14:20:39.556  INFO lhrlt-6591 --- [nio-8080-exec-5] c.e.i.c.CountryController                : Request fetchAllCityByCountryCode countryCode ==> DZA
2021-11-05 14:24:07.153  INFO lhrlt-6591 --- [nio-8080-exec-9] c.e.i.c.CityController                   : Request enableDisableCity cityDto ==> {"cityId":1133,"cityName":"Ain Defla","enabled":"N"}
2021-11-05 14:24:09.368  INFO lhrlt-6591 --- [io-8080-exec-10] c.e.i.c.CityController                   : Request enableDisableCity cityDto ==> {"cityId":1133,"cityName":"Ain Defla","enabled":"Y"}
2021-11-05 14:24:11.768  INFO lhrlt-6591 --- [nio-8080-exec-1] c.e.i.c.CityController                   : Request enableDisableCity cityDto ==> {"cityId":1133,"cityName":"Ain Defla","enabled":"N"}
2021-11-05 14:24:16.674  INFO lhrlt-6591 --- [nio-8080-exec-2] c.e.i.c.CountryController                : Request findByCountryCode countryCode ==> DZA
2021-11-05 14:24:16.965  INFO lhrlt-6591 --- [nio-8080-exec-3] c.e.i.c.CountryController                : Request findByCountryCode countryCode ==> DZA
2021-11-05 14:24:18.066  INFO lhrlt-6591 --- [nio-8080-exec-4] c.e.i.c.CountryController                : Request fetchAllCityByCountryCode countryCode ==> DZA
2021-11-05 14:24:24.030  INFO lhrlt-6591 --- [nio-8080-exec-6] c.e.i.c.CountryController                : Request findByCountryCode countryCode ==> DZA
2021-11-05 14:24:24.043  INFO lhrlt-6591 --- [nio-8080-exec-5] c.e.i.c.CountryController                : Request findByCountryCode countryCode ==> DZA
2021-11-05 14:24:24.331  INFO lhrlt-6591 --- [nio-8080-exec-7] c.e.i.c.CountryController                : Request findByCountryCode countryCode ==> DZA
2021-11-05 14:25:02.257  INFO lhrlt-6591 --- [nio-8080-exec-8] c.e.i.c.CountryController                : Request findByCountryCode countryCode ==> AFG
2021-11-05 14:25:03.564  INFO lhrlt-6591 --- [nio-8080-exec-9] c.e.i.c.CountryController                : Request fetchAllCityByCountryCode countryCode ==> AFG
2021-11-05 14:25:05.036  INFO lhrlt-6591 --- [io-8080-exec-10] c.e.i.c.CityController                   : Request enableDisableCity cityDto ==> {"cityId":1067,"cityName":"Herat","enabled":"N"}
2021-11-05 14:25:08.731  INFO lhrlt-6591 --- [nio-8080-exec-1] c.e.i.c.CityController                   : Request enableDisableCity cityDto ==> {"cityId":1069,"cityName":"Kabul","enabled":"N"}
2021-11-05 14:25:10.592  INFO lhrlt-6591 --- [nio-8080-exec-2] c.e.i.c.CountryController                : Request findByCountryCode countryCode ==> AFG
2021-11-05 14:25:10.866  INFO lhrlt-6591 --- [nio-8080-exec-3] c.e.i.c.CountryController                : Request findByCountryCode countryCode ==> AFG
2021-11-05 14:25:11.930  INFO lhrlt-6591 --- [nio-8080-exec-4] c.e.i.c.CountryController                : Request fetchAllCityByCountryCode countryCode ==> AFG
2021-11-05 14:25:14.179  INFO lhrlt-6591 --- [nio-8080-exec-6] c.e.i.c.CityController                   : Request enableDisableCity cityDto ==> {"cityId":1068,"cityName":"Jalalabad","enabled":"N"}
2021-11-05 14:25:15.386  INFO lhrlt-6591 --- [nio-8080-exec-5] c.e.i.c.CityController                   : Request enableDisableCity cityDto ==> {"cityId":1070,"cityName":"Kandahar","enabled":"N"}
2021-11-05 14:25:16.876  INFO lhrlt-6591 --- [nio-8080-exec-7] c.e.i.c.CountryController                : Request findByCountryCode countryCode ==> AFG
2021-11-05 14:25:16.889  INFO lhrlt-6591 --- [nio-8080-exec-8] c.e.i.c.CountryController                : Request findByCountryCode countryCode ==> AFG
2021-11-05 14:25:17.163  INFO lhrlt-6591 --- [nio-8080-exec-9] c.e.i.c.CountryController                : Request findByCountryCode countryCode ==> AFG
2021-11-05 14:25:18.063  INFO lhrlt-6591 --- [io-8080-exec-10] c.e.i.c.CountryController                : Request fetchAllCityByCountryCode countryCode ==> AFG
2021-11-05 14:25:20.490  INFO lhrlt-6591 --- [nio-8080-exec-1] c.e.i.c.CountryController                : Request findByCountryCode countryCode ==> AFG
2021-11-05 14:25:20.501  INFO lhrlt-6591 --- [nio-8080-exec-2] c.e.i.c.CountryController                : Request findByCountryCode countryCode ==> AFG
2021-11-05 14:25:20.543  INFO lhrlt-6591 --- [nio-8080-exec-3] c.e.i.c.CountryController                : Request findByCountryCode countryCode ==> AFG
2021-11-05 14:25:20.782  INFO lhrlt-6591 --- [nio-8080-exec-4] c.e.i.c.CountryController                : Request findByCountryCode countryCode ==> AFG
2021-11-05 14:25:21.764  INFO lhrlt-6591 --- [nio-8080-exec-6] c.e.i.c.CountryController                : Request fetchAllCityByCountryCode countryCode ==> AFG
2021-11-05 14:25:26.920  INFO lhrlt-6591 --- [nio-8080-exec-5] c.e.i.c.CityController                   : Request enableDisableCity cityDto ==> {"cityId":1069,"cityName":"Kabul","enabled":"Y"}
2021-11-05 14:25:27.627  INFO lhrlt-6591 --- [nio-8080-exec-7] c.e.i.c.CityController                   : Request enableDisableCity cityDto ==> {"cityId":1068,"cityName":"Jalalabad","enabled":"Y"}
2021-11-05 14:25:28.904  INFO lhrlt-6591 --- [nio-8080-exec-8] c.e.i.c.CountryController                : Request findByCountryCode countryCode ==> AFG
2021-11-05 14:25:28.916  INFO lhrlt-6591 --- [nio-8080-exec-9] c.e.i.c.CountryController                : Request findByCountryCode countryCode ==> AFG
2021-11-05 14:25:28.926  INFO lhrlt-6591 --- [io-8080-exec-10] c.e.i.c.CountryController                : Request findByCountryCode countryCode ==> AFG
2021-11-05 14:25:28.940  INFO lhrlt-6591 --- [nio-8080-exec-1] c.e.i.c.CountryController                : Request findByCountryCode countryCode ==> AFG
2021-11-05 14:25:29.178  INFO lhrlt-6591 --- [nio-8080-exec-2] c.e.i.c.CountryController                : Request findByCountryCode countryCode ==> AFG
2021-11-05 14:25:30.278  INFO lhrlt-6591 --- [nio-8080-exec-3] c.e.i.c.CountryController                : Request fetchAllCityByCountryCode countryCode ==> AFG
2021-11-05 14:25:37.601  INFO lhrlt-6591 --- [nio-8080-exec-4] c.e.i.c.CountryController                : Request findByCountryCode countryCode ==> AFG
2021-11-05 14:25:37.614  INFO lhrlt-6591 --- [nio-8080-exec-6] c.e.i.c.CountryController                : Request findByCountryCode countryCode ==> AFG
2021-11-05 14:25:37.626  INFO lhrlt-6591 --- [nio-8080-exec-5] c.e.i.c.CountryController                : Request findByCountryCode countryCode ==> AFG
2021-11-05 14:25:37.639  INFO lhrlt-6591 --- [nio-8080-exec-7] c.e.i.c.CountryController                : Request findByCountryCode countryCode ==> AFG
2021-11-05 14:25:37.655  INFO lhrlt-6591 --- [nio-8080-exec-8] c.e.i.c.CountryController                : Request findByCountryCode countryCode ==> AFG
2021-11-05 14:25:37.928  INFO lhrlt-6591 --- [nio-8080-exec-9] c.e.i.c.CountryController                : Request findByCountryCode countryCode ==> AFG
2021-11-05 14:25:42.172  INFO lhrlt-6591 --- [io-8080-exec-10] c.e.i.c.CountryController                : Request findByCountryCode countryCode ==> AFG
2021-11-05 14:25:44.025  INFO lhrlt-6591 --- [nio-8080-exec-1] c.e.i.c.CountryController                : Request fetchAllCityByCountryCode countryCode ==> AFG
2021-11-05 14:25:49.034  INFO lhrlt-6591 --- [nio-8080-exec-2] c.e.i.c.CountryController                : Request findByCountryCode countryCode ==> AFG
2021-11-05 14:25:49.291  INFO lhrlt-6591 --- [nio-8080-exec-3] c.e.i.c.CountryController                : Request findByCountryCode countryCode ==> AFG
2021-11-05 14:25:52.287  INFO lhrlt-6591 --- [nio-8080-exec-6] c.e.i.c.CountryController                : Request fetchAllBankByCountryCode countryCode ==> AFG
2021-11-05 14:25:55.633  INFO lhrlt-6591 --- [nio-8080-exec-5] c.e.i.c.CountryController                : Request findByCountryCode countryCode ==> AFG
2021-11-05 14:25:55.646  INFO lhrlt-6591 --- [nio-8080-exec-7] c.e.i.c.CountryController                : Request findByCountryCode countryCode ==> AFG
2021-11-05 14:25:55.906  INFO lhrlt-6591 --- [nio-8080-exec-8] c.e.i.c.CountryController                : Request findByCountryCode countryCode ==> AFG
2021-11-05 14:25:59.017  INFO lhrlt-6591 --- [io-8080-exec-10] c.e.i.c.CountryController                : Request fetchAllWalletsByCountryCode countryCode ==> AFG
2021-11-05 14:26:00.865  INFO lhrlt-6591 --- [nio-8080-exec-1] c.e.i.c.CountryController                : Request findByCountryCode countryCode ==> AFG
2021-11-05 14:26:00.876  INFO lhrlt-6591 --- [nio-8080-exec-2] c.e.i.c.CountryController                : Request findByCountryCode countryCode ==> AFG
2021-11-05 14:26:00.891  INFO lhrlt-6591 --- [nio-8080-exec-3] c.e.i.c.CountryController                : Request findByCountryCode countryCode ==> AFG
2021-11-05 14:26:01.140  INFO lhrlt-6591 --- [nio-8080-exec-4] c.e.i.c.CountryController                : Request findByCountryCode countryCode ==> AFG
2021-11-05 14:26:19.549  INFO lhrlt-6591 --- [nio-8080-exec-5] c.e.i.c.CountryController                : Request findByCountryCode countryCode ==> ZWE
2021-11-05 14:26:20.932  INFO lhrlt-6591 --- [nio-8080-exec-8] c.e.i.c.CountryController                : Request fetchAllCityByCountryCode countryCode ==> ZWE
2021-11-05 14:26:22.255  INFO lhrlt-6591 --- [nio-8080-exec-9] c.e.i.c.CountryController                : Request findByCountryCode countryCode ==> ZWE
2021-11-05 14:26:22.542  INFO lhrlt-6591 --- [io-8080-exec-10] c.e.i.c.CountryController                : Request findByCountryCode countryCode ==> ZWE
2021-11-05 14:26:23.745  INFO lhrlt-6591 --- [nio-8080-exec-2] c.e.i.c.CountryController                : Request fetchAllBankByCountryCode countryCode ==> ZWE
2021-11-05 14:26:24.735  INFO lhrlt-6591 --- [nio-8080-exec-3] c.e.i.c.CountryController                : Request findByCountryCode countryCode ==> ZWE
2021-11-05 14:26:24.749  INFO lhrlt-6591 --- [nio-8080-exec-4] c.e.i.c.CountryController                : Request findByCountryCode countryCode ==> ZWE
2021-11-05 14:26:25.028  INFO lhrlt-6591 --- [nio-8080-exec-6] c.e.i.c.CountryController                : Request findByCountryCode countryCode ==> ZWE
2021-11-05 14:26:25.982  INFO lhrlt-6591 --- [nio-8080-exec-7] c.e.i.c.CountryController                : Request fetchAllWalletsByCountryCode countryCode ==> ZWE
2021-11-05 14:26:27.065  INFO lhrlt-6591 --- [nio-8080-exec-8] c.e.i.c.CountryController                : Request findByCountryCode countryCode ==> ZWE
2021-11-05 14:26:27.078  INFO lhrlt-6591 --- [nio-8080-exec-9] c.e.i.c.CountryController                : Request findByCountryCode countryCode ==> ZWE
2021-11-05 14:26:27.092  INFO lhrlt-6591 --- [io-8080-exec-10] c.e.i.c.CountryController                : Request findByCountryCode countryCode ==> ZWE
2021-11-05 14:26:27.373  INFO lhrlt-6591 --- [nio-8080-exec-1] c.e.i.c.CountryController                : Request findByCountryCode countryCode ==> ZWE
2021-11-05 14:26:38.037  INFO lhrlt-6591 --- [nio-8080-exec-3] c.e.i.c.CountryController                : Request findByCountryCode countryCode ==> PAK
2021-11-05 14:26:40.153  INFO lhrlt-6591 --- [nio-8080-exec-6] c.e.i.c.CountryController                : Request fetchAllWalletsByCountryCode countryCode ==> PAK
2021-11-05 14:26:51.188  INFO lhrlt-6591 --- [nio-8080-exec-5] c.e.i.c.CountryController                : Request findByCountryCode countryCode ==> PAK
2021-11-05 14:26:51.465  INFO lhrlt-6591 --- [nio-8080-exec-7] c.e.i.c.CountryController                : Request findByCountryCode countryCode ==> PAK
2021-11-05 14:26:52.455  INFO lhrlt-6591 --- [nio-8080-exec-9] c.e.i.c.CountryController                : Request fetchAllCityByCountryCode countryCode ==> PAK
2021-11-05 14:26:56.447  INFO lhrlt-6591 --- [io-8080-exec-10] c.e.i.c.CityController                   : Request enableDisableCity cityDto ==> {"cityId":1003,"cityName":"Ghourghushi","enabled":"Y"}
2021-11-05 14:26:57.344  INFO lhrlt-6591 --- [nio-8080-exec-1] c.e.i.c.CityController                   : Request enableDisableCity cityDto ==> {"cityId":1000,"cityName":"Abbotabad","enabled":"Y"}
2021-11-05 14:26:58.884  INFO lhrlt-6591 --- [nio-8080-exec-2] c.e.i.c.CountryController                : Request findByCountryCode countryCode ==> PAK
2021-11-05 14:26:58.902  INFO lhrlt-6591 --- [nio-8080-exec-3] c.e.i.c.CountryController                : Request findByCountryCode countryCode ==> PAK
2021-11-05 14:26:59.159  INFO lhrlt-6591 --- [nio-8080-exec-4] c.e.i.c.CountryController                : Request findByCountryCode countryCode ==> PAK
2021-11-05 14:27:00.160  INFO lhrlt-6591 --- [nio-8080-exec-6] c.e.i.c.CountryController                : Request fetchAllCityByCountryCode countryCode ==> PAK
2021-11-05 14:29:06.540  INFO lhrlt-6591 --- [nio-8080-exec-7] c.e.i.c.CountryController                : Request fetchAllCountry
2021-11-05 14:29:08.302  INFO lhrlt-6591 --- [nio-8080-exec-8] c.e.i.c.CountryController                : Request fetchAllCityByCountryCode countryCode ==> PAK
2021-11-05 14:39:17.696  INFO lhrlt-6591 --- [io-8080-exec-10] c.e.i.c.CountryController                : Request fetchAllCountry
2021-11-05 14:39:18.527  INFO lhrlt-6591 --- [nio-8080-exec-1] c.e.i.c.CountryController                : Request fetchAllCityByCountryCode countryCode ==> PAK
2021-11-05 14:39:36.867  INFO lhrlt-6591 --- [nio-8080-exec-2] c.e.i.c.CountryController                : Request fetchAllCountry
2021-11-05 14:39:36.901  INFO lhrlt-6591 --- [nio-8080-exec-3] c.e.i.c.CountryController                : Request fetchAllCountry
2021-11-05 14:39:43.230  INFO lhrlt-6591 --- [nio-8080-exec-4] c.e.i.c.CountryController                : Request findByCountryCode countryCode ==> AFG
2021-11-05 14:39:45.011  INFO lhrlt-6591 --- [nio-8080-exec-6] c.e.i.c.CountryController                : Request fetchAllCityByCountryCode countryCode ==> AFG
2021-11-05 14:51:43.602  INFO lhrlt-6591 --- [io-8080-exec-10] c.e.i.c.CountryController                : Request fetchAllCityByCountryCode countryCode ==> AFG
2021-11-05 14:51:43.612  INFO lhrlt-6591 --- [nio-8080-exec-1] c.e.i.c.CountryController                : Request fetchAllCountry
2021-11-05 14:52:07.581  INFO lhrlt-6591 --- [nio-8080-exec-2] c.e.i.c.CountryController                : Request fetchAllCityByCountryCode countryCode ==> AFG
2021-11-05 14:52:07.947  INFO lhrlt-6591 --- [nio-8080-exec-3] c.e.i.c.CountryController                : Request fetchAllCountry
2021-11-05 14:52:39.675  INFO lhrlt-6591 --- [nio-8080-exec-4] c.e.i.c.CountryController                : Request fetchAllCountry
2021-11-05 14:52:40.327  INFO lhrlt-6591 --- [nio-8080-exec-6] c.e.i.c.CountryController                : Request fetchAllCityByCountryCode countryCode ==> AFG
2021-11-05 14:52:52.882  INFO lhrlt-6591 --- [nio-8080-exec-7] c.e.i.c.CountryController                : Request fetchAllCountry
2021-11-05 14:52:53.476  INFO lhrlt-6591 --- [nio-8080-exec-8] c.e.i.c.CountryController                : Request fetchAllCityByCountryCode countryCode ==> AFG
2021-11-05 14:53:05.056  INFO lhrlt-6591 --- [nio-8080-exec-9] c.e.i.c.CountryController                : Request fetchAllCountry
2021-11-05 14:53:05.080  INFO lhrlt-6591 --- [io-8080-exec-10] c.e.i.c.CountryController                : Request fetchAllCityByCountryCode countryCode ==> AFG
2021-11-05 14:53:17.581  INFO lhrlt-6591 --- [nio-8080-exec-1] c.e.i.c.CountryController                : Request fetchAllCountry
2021-11-05 14:53:17.616  INFO lhrlt-6591 --- [nio-8080-exec-2] c.e.i.c.CountryController                : Request fetchAllCountry
2021-11-05 14:53:23.946  INFO lhrlt-6591 --- [nio-8080-exec-4] c.e.i.c.CountryController                : Request findByCountryCode countryCode ==> AFG
2021-11-05 14:53:26.321  INFO lhrlt-6591 --- [nio-8080-exec-6] c.e.i.c.CountryController                : Request fetchAllCityByCountryCode countryCode ==> AFG
2021-11-05 14:53:37.637  INFO lhrlt-6591 --- [nio-8080-exec-5] c.e.i.c.CountryController                : Request findByCountryCode countryCode ==> AFG
2021-11-05 14:53:39.171  INFO lhrlt-6591 --- [nio-8080-exec-7] c.e.i.c.CountryController                : Request fetchAllCityByCountryCode countryCode ==> AFG
2021-11-05 14:56:29.061  INFO lhrlt-6591 --- [io-8080-exec-10] c.e.i.c.CountryController                : Request fetchAllCityByCountryCode countryCode ==> AFG
2021-11-05 14:56:29.094  INFO lhrlt-6591 --- [nio-8080-exec-1] c.e.i.c.CountryController                : Request fetchAllCityByCountryCode countryCode ==> AFG
2021-11-05 14:57:20.643  INFO lhrlt-6591 --- [nio-8080-exec-2] c.e.i.c.CountryController                : Request fetchAllCityByCountryCode countryCode ==> AFG
2021-11-05 14:57:20.756  INFO lhrlt-6591 --- [nio-8080-exec-3] c.e.i.c.CountryController                : Request fetchAllCityByCountryCode countryCode ==> AFG
2021-11-05 14:57:50.528  INFO lhrlt-6591 --- [nio-8080-exec-4] c.e.i.c.CountryController                : Request fetchAllCityByCountryCode countryCode ==> AFG
2021-11-05 14:57:51.002  INFO lhrlt-6591 --- [nio-8080-exec-6] c.e.i.c.CountryController                : Request fetchAllCityByCountryCode countryCode ==> AFG
2021-11-05 14:58:13.135  INFO lhrlt-6591 --- [nio-8080-exec-5] c.e.i.c.CountryController                : Request fetchAllCityByCountryCode countryCode ==> AFG
2021-11-05 14:58:13.220  INFO lhrlt-6591 --- [nio-8080-exec-7] c.e.i.c.CountryController                : Request fetchAllCityByCountryCode countryCode ==> AFG
2021-11-05 14:58:29.920  INFO lhrlt-6591 --- [nio-8080-exec-8] c.e.i.c.CountryController                : Request fetchAllCityByCountryCode countryCode ==> AFG
2021-11-05 14:58:30.059  INFO lhrlt-6591 --- [nio-8080-exec-9] c.e.i.c.CountryController                : Request fetchAllCityByCountryCode countryCode ==> AFG
2021-11-05 14:59:13.676  INFO lhrlt-6591 --- [io-8080-exec-10] c.e.i.c.CountryController                : Request fetchAllCityByCountryCode countryCode ==> AFG
2021-11-05 14:59:13.761  INFO lhrlt-6591 --- [nio-8080-exec-1] c.e.i.c.CountryController                : Request fetchAllCityByCountryCode countryCode ==> AFG
2021-11-05 14:59:27.611  INFO lhrlt-6591 --- [nio-8080-exec-2] c.e.i.c.CountryController                : Request fetchAllCountry
2021-11-05 14:59:28.161  INFO lhrlt-6591 --- [nio-8080-exec-3] c.e.i.c.CountryController                : Request fetchAllCountry
2021-11-05 14:59:36.988  INFO lhrlt-6591 --- [nio-8080-exec-4] c.e.i.c.CountryController                : Request findByCountryCode countryCode ==> AFG
2021-11-05 14:59:38.371  INFO lhrlt-6591 --- [nio-8080-exec-6] c.e.i.c.CountryController                : Request fetchAllCityByCountryCode countryCode ==> AFG
2021-11-05 15:16:40.346  INFO lhrlt-6591 --- [nio-8080-exec-7] c.e.i.c.CountryController                : Request fetchAllCountry
2021-11-05 15:16:40.763  INFO lhrlt-6591 --- [nio-8080-exec-8] c.e.i.c.CountryController                : Request fetchAllCityByCountryCode countryCode ==> AFG
2021-11-05 15:17:26.467  INFO lhrlt-6591 --- [nio-8080-exec-9] c.e.i.c.CountryController                : Request fetchAllCountry
2021-11-05 15:17:26.927  INFO lhrlt-6591 --- [io-8080-exec-10] c.e.i.c.CountryController                : Request fetchAllCityByCountryCode countryCode ==> AFG
2021-11-05 15:30:17.713  INFO lhrlt-6591 --- [nio-8080-exec-3] c.e.i.c.CountryController                : Request fetchAllCountry
2021-11-05 15:30:17.785  INFO lhrlt-6591 --- [nio-8080-exec-6] c.e.i.c.CountryController                : Request fetchAllCityByCountryCode countryCode ==> AFG
2021-11-05 15:30:29.338  INFO lhrlt-6591 --- [nio-8080-exec-5] c.e.i.c.CountryController                : Request fetchAllCountry
2021-11-05 15:30:29.378  INFO lhrlt-6591 --- [nio-8080-exec-7] c.e.i.c.CountryController                : Request fetchAllCountry
2021-11-05 15:30:34.862  INFO lhrlt-6591 --- [nio-8080-exec-9] c.e.i.c.CountryController                : Request findByCountryCode countryCode ==> AFG
2021-11-05 15:44:29.792  INFO lhrlt-6591 --- [nio-8080-exec-2] c.e.i.c.CountryController                : Request fetchAllCountry
2021-11-05 15:44:29.840  INFO lhrlt-6591 --- [nio-8080-exec-3] c.e.i.c.CountryController                : Request fetchAllCountry
2021-11-05 15:56:10.945  INFO lhrlt-6591 --- [nio-8080-exec-5] c.e.i.c.CountryController                : Request fetchAllCountry
2021-11-05 15:56:10.972  INFO lhrlt-6591 --- [nio-8080-exec-7] c.e.i.c.CountryController                : Request fetchAllCountry
2021-11-05 15:56:15.628  INFO lhrlt-6591 --- [nio-8080-exec-8] c.e.i.c.CountryController                : Request findByCountryCode countryCode ==> AFG
2021-11-05 15:56:17.820  INFO lhrlt-6591 --- [nio-8080-exec-9] c.e.i.c.CountryController                : Request fetchAllCityByCountryCode countryCode ==> AFG
2021-11-05 15:56:23.691  INFO lhrlt-6591 --- [io-8080-exec-10] c.e.i.c.CountryController                : Request fetchAllCityByCountryCode countryCode ==> AFG
2021-11-05 15:56:23.937  INFO lhrlt-6591 --- [nio-8080-exec-1] c.e.i.c.CountryController                : Request fetchAllCityByCountryCode countryCode ==> AFG
2021-11-05 15:56:29.330  INFO lhrlt-6591 --- [nio-8080-exec-2] c.e.i.c.CountryController                : Request fetchAllCityByCountryCode countryCode ==> AFG
2021-11-05 15:56:29.349  INFO lhrlt-6591 --- [nio-8080-exec-3] c.e.i.c.CountryController                : Request fetchAllCityByCountryCode countryCode ==> AFG
2021-11-05 15:56:29.605  INFO lhrlt-6591 --- [nio-8080-exec-4] c.e.i.c.CountryController                : Request fetchAllCityByCountryCode countryCode ==> AFG
2021-11-05 15:56:30.841  INFO lhrlt-6591 --- [nio-8080-exec-6] c.e.i.c.CountryController                : Request findByCountryCode countryCode ==> AFG
2021-11-05 15:56:31.117  INFO lhrlt-6591 --- [nio-8080-exec-5] c.e.i.c.CountryController                : Request findByCountryCode countryCode ==> AFG
2021-11-05 15:56:31.995  INFO lhrlt-6591 --- [nio-8080-exec-8] c.e.i.c.CountryController                : Request fetchAllBankByCountryCode countryCode ==> AFG
2021-11-05 15:56:51.456  INFO lhrlt-6591 --- [nio-8080-exec-9] c.e.i.c.CountryController                : Request fetchAllBankByCountryCode countryCode ==> AFG
2021-11-05 15:56:51.765  INFO lhrlt-6591 --- [io-8080-exec-10] c.e.i.c.CountryController                : Request fetchAllBankByCountryCode countryCode ==> AFG
2021-11-05 15:56:57.399  INFO lhrlt-6591 --- [nio-8080-exec-1] c.e.i.c.CountryController                : Request fetchAllBankByCountryCode countryCode ==> AFG
2021-11-05 15:56:57.414  INFO lhrlt-6591 --- [nio-8080-exec-2] c.e.i.c.CountryController                : Request fetchAllBankByCountryCode countryCode ==> AFG
2021-11-05 15:56:57.733  INFO lhrlt-6591 --- [nio-8080-exec-3] c.e.i.c.CountryController                : Request fetchAllBankByCountryCode countryCode ==> AFG
2021-11-05 15:56:58.538  INFO lhrlt-6591 --- [nio-8080-exec-4] c.e.i.c.CountryController                : Request findByCountryCode countryCode ==> AFG
2021-11-05 15:56:58.547  INFO lhrlt-6591 --- [nio-8080-exec-6] c.e.i.c.CountryController                : Request findByCountryCode countryCode ==> AFG
2021-11-05 15:56:58.798  INFO lhrlt-6591 --- [nio-8080-exec-5] c.e.i.c.CountryController                : Request findByCountryCode countryCode ==> AFG
2021-11-05 15:56:59.962  INFO lhrlt-6591 --- [nio-8080-exec-8] c.e.i.c.CountryController                : Request fetchAllWalletsByCountryCode countryCode ==> AFG
2021-11-05 15:57:09.011  INFO lhrlt-6591 --- [nio-8080-exec-9] c.e.i.c.CountryController                : Request fetchAllWalletsByCountryCode countryCode ==> AFG
2021-11-05 15:57:09.266  INFO lhrlt-6591 --- [io-8080-exec-10] c.e.i.c.CountryController                : Request fetchAllWalletsByCountryCode countryCode ==> AFG
2021-11-05 15:57:09.757  INFO lhrlt-6591 --- [nio-8080-exec-1] c.e.i.c.CountryController                : Request findByCountryCode countryCode ==> AFG
2021-11-05 15:57:09.773  INFO lhrlt-6591 --- [nio-8080-exec-2] c.e.i.c.CountryController                : Request findByCountryCode countryCode ==> AFG
2021-11-05 15:57:09.785  INFO lhrlt-6591 --- [nio-8080-exec-3] c.e.i.c.CountryController                : Request findByCountryCode countryCode ==> AFG
2021-11-05 15:57:09.995  INFO lhrlt-6591 --- [nio-8080-exec-4] c.e.i.c.CountryController                : Request findByCountryCode countryCode ==> AFG
2021-11-05 15:57:27.665  INFO lhrlt-6591 --- [nio-8080-exec-6] c.e.i.c.CountryController                : Request findByCountryCode countryCode ==> AFG
2021-11-05 16:02:26.580  INFO lhrlt-6591 --- [nio-8080-exec-9] c.e.i.c.CountryController                : Request fetchAllCountry
2021-11-05 16:02:26.626  INFO lhrlt-6591 --- [nio-8080-exec-1] c.e.i.c.CountryController                : Request findByCountryCode countryCode ==> AFG
2021-11-05 16:03:13.526  INFO lhrlt-6591 --- [nio-8080-exec-3] c.e.i.c.PartnerController                : Request fetchAllProduct
2021-11-05 16:03:13.615  INFO lhrlt-6591 --- [nio-8080-exec-4] c.e.i.c.PartnerController                : Request fetchAllProduct
2021-11-05 16:03:19.306  INFO lhrlt-6591 --- [nio-8080-exec-5] c.e.i.c.PartnerController                : Request findByProductId productId ==> 1001
2021-11-05 16:03:47.634  INFO lhrlt-6591 --- [nio-8080-exec-8] c.e.i.c.PartnerController                : Request fetchAllProduct
2021-11-05 16:03:50.288  INFO lhrlt-6591 --- [nio-8080-exec-9] c.e.i.c.PartnerController                : Request findByProductId productId ==> 1000
2021-11-05 16:03:52.602  INFO lhrlt-6591 --- [nio-8080-exec-2] c.e.i.c.PartnerController                : Request updateProduct {"productId":1000,"productName":"Send to bank","productImageUrl":"https://firebasestorage.googleapis.com/v0/b/imrh-7db21.appspot.com/o/product%2FSend to bank.svg?alt\u003dmedia","enabled":"Y"}
2021-11-05 16:03:52.909  INFO lhrlt-6591 --- [nio-8080-exec-3] c.e.i.c.PartnerController                : Request fetchAllProduct
2021-11-05 16:11:56.888  INFO lhrlt-6591 --- [nio-8080-exec-6] c.e.i.c.PartnerController                : Request findByProductId productId ==> 1001
2021-11-05 16:12:01.420  INFO lhrlt-6591 --- [nio-8080-exec-5] c.e.i.c.PartnerController                : Request fetchAllProduct
2021-11-05 16:12:17.354  INFO lhrlt-6591 --- [nio-8080-exec-7] c.e.i.c.PartnerController                : Request fetchAllProduct
2021-11-05 16:12:17.379  INFO lhrlt-6591 --- [nio-8080-exec-8] c.e.i.c.PartnerController                : Request fetchAllProduct
2021-11-05 16:12:21.039  INFO lhrlt-6591 --- [io-8080-exec-10] c.e.i.c.CountryController                : Request fetchAllCountry
2021-11-05 16:12:22.281  INFO lhrlt-6591 --- [nio-8080-exec-9] c.e.i.c.CountryController                : Request fetchAllCountry
2021-11-05 16:12:28.896  INFO lhrlt-6591 --- [nio-8080-exec-1] c.e.i.c.CountryController                : Request findByCountryCode countryCode ==> AFG
2021-11-05 16:12:31.673  INFO lhrlt-6591 --- [nio-8080-exec-3] c.e.i.c.CountryController                : Request fetchAllCityByCountryCode countryCode ==> AFG
2021-11-05 16:12:57.564  INFO lhrlt-6591 --- [nio-8080-exec-4] c.e.i.c.CountryController                : Request fetchAllCountry
2021-11-05 16:13:19.998  INFO lhrlt-6591 --- [nio-8080-exec-3] c.e.i.c.CityController                   : Request findByCityId ctyId ==> 1000
2021-11-05 16:13:34.305  INFO lhrlt-6591 --- [nio-8080-exec-5] c.e.i.c.CountryController                : Request findByCountryCode countryCode ==> AFG
2021-11-05 16:13:36.407  INFO lhrlt-6591 --- [nio-8080-exec-7] c.e.i.c.CountryController                : Request fetchAllCityByCountryCode countryCode ==> AFG
2021-11-05 16:13:46.103  INFO lhrlt-6591 --- [nio-8080-exec-4] c.e.i.c.CountryController                : Request fetchAllCityByCountryCode countryCode ==> AFG
2021-11-05 16:13:46.351  INFO lhrlt-6591 --- [nio-8080-exec-8] c.e.i.c.CountryController                : Request fetchAllCityByCountryCode countryCode ==> AFG
2021-11-05 16:13:47.213  INFO lhrlt-6591 --- [nio-8080-exec-9] c.e.i.c.CountryController                : Request findByCountryCode countryCode ==> AFG
2021-11-05 16:13:47.450  INFO lhrlt-6591 --- [io-8080-exec-10] c.e.i.c.CountryController                : Request findByCountryCode countryCode ==> AFG
2021-11-05 16:13:50.271  INFO lhrlt-6591 --- [nio-8080-exec-1] c.e.i.c.CountryController                : Request fetchAllCityByCountryCode countryCode ==> AFG
2021-11-05 16:15:03.588  INFO lhrlt-6591 --- [nio-8080-exec-8] c.e.i.c.CountryController                : Request fetchAllCityByCountryCode countryCode ==> AFG
2021-11-05 16:19:35.432  INFO lhrlt-6591 --- [io-8080-exec-10] c.e.i.c.CountryController                : Request fetchAllCityByCountryCode countryCode ==> AFG
2021-11-05 16:19:39.025  INFO lhrlt-6591 --- [nio-8080-exec-1] c.e.i.c.CountryController                : Request findByCountryCode countryCode ==> AFG
2021-11-05 16:19:41.047  INFO lhrlt-6591 --- [nio-8080-exec-2] c.e.i.c.CountryController                : Request fetchAllCityByCountryCode countryCode ==> AFG
2021-11-05 16:19:47.603  INFO lhrlt-6591 --- [nio-8080-exec-3] c.e.i.c.CountryController                : Request fetchAllCityByCountryCode countryCode ==> AFG
2021-11-05 16:19:47.853  INFO lhrlt-6591 --- [nio-8080-exec-6] c.e.i.c.CountryController                : Request fetchAllCityByCountryCode countryCode ==> AFG
2021-11-05 16:19:51.509  INFO lhrlt-6591 --- [nio-8080-exec-5] c.e.i.c.CountryController                : Request fetchAllCountry
2021-11-05 16:19:59.804  INFO lhrlt-6591 --- [nio-8080-exec-7] c.e.i.c.CountryController                : Request findByCountryCode countryCode ==> AFG
2021-11-05 16:20:15.345  INFO lhrlt-6591 --- [nio-8080-exec-4] c.e.i.c.PartnerController                : Request fetchAllProduct
2021-11-05 16:20:17.918  INFO lhrlt-6591 --- [nio-8080-exec-8] c.e.i.c.PartnerController                : Request findByProductId productId ==> 1001
2021-11-05 16:23:42.042  INFO lhrlt-6591 --- [io-8080-exec-10] c.e.i.c.PartnerController                : Request findByProductId productId ==> 1001
2021-11-05 16:26:46.497  INFO lhrlt-6591 --- [nio-8080-exec-2] c.e.i.c.PartnerController                : Request findByProductId productId ==> 1001
2021-11-05 16:26:57.759  INFO lhrlt-6591 --- [nio-8080-exec-3] c.e.i.c.PartnerController                : Request findByProductId productId ==> 1001
2021-11-05 16:26:58.834  INFO lhrlt-6591 --- [nio-8080-exec-6] c.e.i.c.PartnerController                : Request findByProductId productId ==> 1001
2021-11-05 16:27:04.749  INFO lhrlt-6591 --- [nio-8080-exec-5] c.e.i.c.CountryController                : Request fetchAllCountry
2021-11-05 16:27:08.549  INFO lhrlt-6591 --- [nio-8080-exec-7] c.e.i.c.CountryController                : Request fetchAllCountry
2021-11-05 16:27:09.446  INFO lhrlt-6591 --- [nio-8080-exec-4] c.e.i.c.CountryController                : Request fetchAllCountry
2021-11-05 16:27:09.782  INFO lhrlt-6591 --- [nio-8080-exec-9] c.e.i.c.CountryController                : Request findByCountryCode countryCode ==> null
2021-11-05 16:27:48.791  INFO lhrlt-6591 --- [io-8080-exec-10] c.e.i.c.CountryController                : Request fetchAllCountry
2021-11-05 16:27:48.846  INFO lhrlt-6591 --- [nio-8080-exec-1] c.e.i.c.CountryController                : Request fetchAllCountry
2021-11-05 16:28:08.570  INFO lhrlt-6591 --- [nio-8080-exec-3] c.e.i.c.CountryController                : Request enableDisableCountry ==> {"countryCode":"AFG","countryName":"Afghanistan","countryLegacyCode":"AF","countryImageUrl":"https://firebasestorage.googleapis.com/v0/b/imrh-7db21.appspot.com/o/country%2FAfghanistan.png?alt\u003dmedia","enabled":"N"}
2021-11-05 16:28:09.703  INFO lhrlt-6591 --- [nio-8080-exec-6] c.e.i.c.CountryController                : Request enableDisableCountry ==> {"countryCode":"AFG","countryName":"Afghanistan","countryLegacyCode":"AF","countryImageUrl":"https://firebasestorage.googleapis.com/v0/b/imrh-7db21.appspot.com/o/country%2FAfghanistan.png?alt\u003dmedia","enabled":"Y"}
2021-11-05 16:28:18.628  INFO lhrlt-6591 --- [nio-8080-exec-7] c.e.i.c.CountryController                : Request findByCountryCode countryCode ==> PAK
2021-11-05 16:28:22.718  INFO lhrlt-6591 --- [nio-8080-exec-4] c.e.i.c.CountryController                : Request findByCountryCode countryCode ==> PAK
2021-11-05 16:28:24.178  INFO lhrlt-6591 --- [nio-8080-exec-9] c.e.i.c.CountryController                : Request fetchAllCityByCountryCode countryCode ==> PAK
2021-11-05 16:28:30.040  INFO lhrlt-6591 --- [nio-8080-exec-1] c.e.i.c.CityController                   : Request enableDisableCity cityDto ==> {"cityId":1001,"cityName":"Bahawalpur","enabled":"N"}
2021-11-05 16:28:31.099  INFO lhrlt-6591 --- [nio-8080-exec-2] c.e.i.c.CityController                   : Request enableDisableCity cityDto ==> {"cityId":1001,"cityName":"Bahawalpur","enabled":"Y"}
2021-11-05 16:28:37.286  INFO lhrlt-6591 --- [nio-8080-exec-3] c.e.i.c.CountryController                : Request findByCountryCode countryCode ==> PAK
2021-11-05 16:28:37.549  INFO lhrlt-6591 --- [nio-8080-exec-6] c.e.i.c.CountryController                : Request findByCountryCode countryCode ==> PAK
2021-11-05 16:28:54.533  INFO lhrlt-6591 --- [nio-8080-exec-7] c.e.i.c.CountryController                : Request enableDisableCountry ==> {"countryCode":"PAK","countryName":"Pakistan","countryLegacyCode":"PK","countryImageUrl":"https://firebasestorage.googleapis.com/v0/b/imrh-7db21.appspot.com/o/country%2FPakistan.png?alt\u003dmedia","enabled":"N"}
2021-11-05 16:44:26.856  INFO lhrlt-6591 --- [nio-8080-exec-9] c.e.i.c.CountryController                : Request findByCountryCode countryCode ==> AFG
2021-11-05 16:44:31.165  INFO lhrlt-6591 --- [nio-8080-exec-1] c.e.i.c.CountryController                : Request fetchAllWalletsByCountryCode countryCode ==> AFG
2021-11-05 16:44:34.396  INFO lhrlt-6591 --- [nio-8080-exec-2] c.e.i.c.CountryController                : Request findByCountryCode countryCode ==> AFG
2021-11-05 16:44:34.676  INFO lhrlt-6591 --- [nio-8080-exec-3] c.e.i.c.CountryController                : Request findByCountryCode countryCode ==> AFG
2021-11-05 16:44:35.901  INFO lhrlt-6591 --- [nio-8080-exec-5] c.e.i.c.CountryController                : Request fetchAllBankByCountryCode countryCode ==> AFG
2021-11-05 16:45:13.940  INFO lhrlt-6591 --- [nio-8080-exec-7] c.e.i.c.CountryController                : Request findByCountryCode countryCode ==> AFG
2021-11-05 16:45:13.955  INFO lhrlt-6591 --- [nio-8080-exec-4] c.e.i.c.CountryController                : Request findByCountryCode countryCode ==> AFG
2021-11-05 16:45:14.230  INFO lhrlt-6591 --- [nio-8080-exec-8] c.e.i.c.CountryController                : Request findByCountryCode countryCode ==> AFG
2021-11-05 16:45:15.435  INFO lhrlt-6591 --- [io-8080-exec-10] c.e.i.c.CountryController                : Request fetchAllCityByCountryCode countryCode ==> AFG
2021-11-05 16:45:25.087  INFO lhrlt-6591 --- [nio-8080-exec-1] c.e.i.c.CountryController                : Request findByCountryCode countryCode ==> AFG
2021-11-05 16:46:21.361  INFO lhrlt-6591 --- [nio-8080-exec-2] c.e.i.c.CountryController                : Request findByCountryCode countryCode ==> AFG
2021-11-05 16:46:23.846  INFO lhrlt-6591 --- [nio-8080-exec-3] c.e.i.c.CountryController                : Request fetchAllCityByCountryCode countryCode ==> AFG
2021-11-05 16:46:27.330  INFO lhrlt-6591 --- [nio-8080-exec-6] c.e.i.c.CountryController                : Request findByCountryCode countryCode ==> null
2021-11-05 16:46:28.312  INFO lhrlt-6591 --- [nio-8080-exec-5] c.e.i.c.CountryController                : Request fetchAllCityByCountryCode countryCode ==> AFG
2021-11-05 16:46:28.563  INFO lhrlt-6591 --- [nio-8080-exec-7] c.e.i.c.CountryController                : Request fetchAllCityByCountryCode countryCode ==> AFG
2021-11-05 16:46:30.107  INFO lhrlt-6591 --- [nio-8080-exec-4] c.e.i.c.CountryController                : Request findByCountryCode countryCode ==> AFG
2021-11-05 16:46:34.495  INFO lhrlt-6591 --- [nio-8080-exec-8] c.e.i.c.CountryController                : Request fetchAllCityByCountryCode countryCode ==> AFG
2021-11-05 16:46:34.517  INFO lhrlt-6591 --- [nio-8080-exec-9] c.e.i.c.CountryController                : Request fetchAllCityByCountryCode countryCode ==> AFG
2021-11-05 16:46:34.762  INFO lhrlt-6591 --- [io-8080-exec-10] c.e.i.c.CountryController                : Request fetchAllCityByCountryCode countryCode ==> AFG
2021-11-05 16:46:36.574  INFO lhrlt-6591 --- [nio-8080-exec-1] c.e.i.c.CountryController                : Request findByCountryCode countryCode ==> AFG
2021-11-05 16:46:43.794  INFO lhrlt-6591 --- [nio-8080-exec-2] c.e.i.c.CountryController                : Request findByCountryCode countryCode ==> AFG
2021-11-05 16:46:45.708  INFO lhrlt-6591 --- [nio-8080-exec-3] c.e.i.c.CountryController                : Request fetchAllCityByCountryCode countryCode ==> AFG
2021-11-05 16:46:47.473  INFO lhrlt-6591 --- [nio-8080-exec-6] c.e.i.c.CountryController                : Request findByCountryCode countryCode ==> AFG
2021-11-05 16:46:49.679  INFO lhrlt-6591 --- [nio-8080-exec-5] c.e.i.c.CountryController                : Request fetchAllCityByCountryCode countryCode ==> AFG
2021-11-05 16:46:49.923  INFO lhrlt-6591 --- [nio-8080-exec-7] c.e.i.c.CountryController                : Request fetchAllCityByCountryCode countryCode ==> AFG
2021-11-05 16:46:55.457  INFO lhrlt-6591 --- [nio-8080-exec-4] c.e.i.c.CountryController                : Request findByCountryCode countryCode ==> AFG
2021-11-05 16:46:56.848  INFO lhrlt-6591 --- [nio-8080-exec-8] c.e.i.c.CountryController                : Request fetchAllCityByCountryCode countryCode ==> AFG
2021-11-05 16:46:56.871  INFO lhrlt-6591 --- [nio-8080-exec-9] c.e.i.c.CountryController                : Request fetchAllCityByCountryCode countryCode ==> AFG
2021-11-05 16:46:57.095  INFO lhrlt-6591 --- [io-8080-exec-10] c.e.i.c.CountryController                : Request fetchAllCityByCountryCode countryCode ==> AFG
2021-11-05 16:47:04.337  INFO lhrlt-6591 --- [nio-8080-exec-2] c.e.i.c.CountryController                : Request fetchAllCountry
2021-11-05 16:47:04.375  INFO lhrlt-6591 --- [nio-8080-exec-3] c.e.i.c.CountryController                : Request fetchAllCountry
2021-11-05 16:49:12.633  INFO lhrlt-6591 --- [nio-8080-exec-7] c.e.i.c.CountryController                : Request findByCountryCode countryCode ==> AFG
2021-11-05 16:50:05.751  INFO lhrlt-6591 --- [nio-8080-exec-4] c.e.i.c.CountryController                : Request fetchAllCountry
2021-11-05 16:50:11.491  INFO lhrlt-6591 --- [nio-8080-exec-9] c.e.i.c.PartnerController                : Request fetchAllProduct
2021-11-05 16:50:18.152  INFO lhrlt-6591 --- [nio-8080-exec-1] c.e.i.c.PartnerController                : Request findByProductId productId ==> 1001
2021-11-05 16:50:29.983  INFO lhrlt-6591 --- [nio-8080-exec-3] c.e.i.c.PartnerController                : Request updateProduct {"productId":1001,"productName":"Cash pickup","productImageUrl":"https://firebasestorage.googleapis.com/v0/b/imrh-7db21.appspot.com/o/product%2FCash pickup.svg?alt\u003dmedia","enabled":"Y"}
2021-11-05 16:50:30.297  INFO lhrlt-6591 --- [nio-8080-exec-5] c.e.i.c.PartnerController                : Request fetchAllProduct
2021-11-05 16:50:33.572  INFO lhrlt-6591 --- [nio-8080-exec-7] c.e.i.c.PartnerController                : Request findByProductId productId ==> 1002
