2021-11-06 12:13:20.783  INFO lhrlt-6591 --- [           main] c.e.i.ImrhApplication                    : Starting ImrhApplication using Java 1.8.0_201 on lhrlt-6591 with PID 17512 (E:\IMR-App\imrh\target\classes started by nabeel.jamil in E:\IMR-App\imrh)
2021-11-06 12:13:20.801 DEBUG lhrlt-6591 --- [           main] c.e.i.ImrhApplication                    : Running with Spring Boot v2.5.5, Spring v5.3.10
2021-11-06 12:13:20.807  INFO lhrlt-6591 --- [           main] c.e.i.ImrhApplication                    : No active profile set, falling back to default profiles: default
2021-11-06 12:13:21.926  INFO lhrlt-6591 --- [           main] .s.d.r.c.RepositoryConfigurationDelegate : Bootstrapping Spring Data JPA repositories in DEFAULT mode.
2021-11-06 12:13:22.062  INFO lhrlt-6591 --- [           main] .s.d.r.c.RepositoryConfigurationDelegate : Finished Spring Data repository scanning in 122 ms. Found 18 JPA repository interfaces.
2021-11-06 12:13:23.367  INFO lhrlt-6591 --- [           main] o.s.b.w.e.t.TomcatWebServer              : Tomcat initialized with port(s): 8080 (http)
2021-11-06 12:13:23.376  INFO lhrlt-6591 --- [           main] o.a.c.h.Http11NioProtocol                : Initializing ProtocolHandler ["http-nio-8080"]
2021-11-06 12:13:23.377  INFO lhrlt-6591 --- [           main] o.a.c.c.StandardService                  : Starting service [Tomcat]
2021-11-06 12:13:23.377  INFO lhrlt-6591 --- [           main] o.a.c.c.StandardEngine                   : Starting Servlet engine: [Apache Tomcat/9.0.53]
2021-11-06 12:13:23.534  INFO lhrlt-6591 --- [           main] o.a.c.c.C.[.[.[/]                        : Initializing Spring embedded WebApplicationContext
2021-11-06 12:13:23.535  INFO lhrlt-6591 --- [           main] w.s.c.ServletWebServerApplicationContext : Root WebApplicationContext: initialization completed in 2581 ms
2021-11-06 12:13:23.709  INFO lhrlt-6591 --- [           main] c.z.h.HikariDataSource                   : HikariPool-1 - Starting...
2021-11-06 12:13:24.067  INFO lhrlt-6591 --- [           main] c.z.h.HikariDataSource                   : HikariPool-1 - Start completed.
2021-11-06 12:13:24.125  INFO lhrlt-6591 --- [           main] o.h.j.i.u.LogHelper                      : HHH000204: Processing PersistenceUnitInfo [name: default]
2021-11-06 12:13:24.196  INFO lhrlt-6591 --- [           main] o.h.Version                              : HHH000412: Hibernate ORM core version 5.4.32.Final
2021-11-06 12:13:24.384  INFO lhrlt-6591 --- [           main] o.h.a.c.Version                          : HCANN000001: Hibernate Commons Annotations {5.1.2.Final}
2021-11-06 12:13:24.537  INFO lhrlt-6591 --- [           main] o.h.d.Dialect                            : HHH000400: Using dialect: org.hibernate.dialect.PostgreSQLDialect
2021-11-06 12:13:25.002  WARN lhrlt-6591 --- [           main] o.h.m.RootClass                          : HHH000038: Composite-id class does not override equals(): com.etisalat.imrh.entity.PartnerCountryProductId
2021-11-06 12:13:25.002  WARN lhrlt-6591 --- [           main] o.h.m.RootClass                          : HHH000039: Composite-id class does not override hashCode(): com.etisalat.imrh.entity.PartnerCountryProductId
2021-11-06 12:13:25.589  INFO lhrlt-6591 --- [           main] o.h.e.t.j.p.i.JtaPlatformInitiator       : HHH000490: Using JtaPlatform implementation: [org.hibernate.engine.transaction.jta.platform.internal.NoJtaPlatform]
2021-11-06 12:13:25.601  INFO lhrlt-6591 --- [           main] j.LocalContainerEntityManagerFactoryBean : Initialized JPA EntityManagerFactory for persistence unit 'default'
2021-11-06 12:13:27.236  WARN lhrlt-6591 --- [           main] JpaBaseConfiguration$JpaWebConfiguration : spring.jpa.open-in-view is enabled by default. Therefore, database queries may be performed during view rendering. Explicitly configure spring.jpa.open-in-view to disable this warning
2021-11-06 12:13:27.580  INFO lhrlt-6591 --- [           main] pertySourcedRequestMappingHandlerMapping : Mapped URL path [/v2/api-docs] onto method [springfox.documentation.swagger2.web.Swagger2Controller#getDocumentation(String, HttpServletRequest)]
2021-11-06 12:13:28.129  INFO lhrlt-6591 --- [           main] o.a.c.h.Http11NioProtocol                : Starting ProtocolHandler ["http-nio-8080"]
2021-11-06 12:13:28.171  INFO lhrlt-6591 --- [           main] o.s.b.w.e.t.TomcatWebServer              : Tomcat started on port(s): 8080 (http) with context path ''
2021-11-06 12:13:28.173  INFO lhrlt-6591 --- [           main] d.s.w.p.DocumentationPluginsBootstrapper : Context refreshed
2021-11-06 12:13:28.196  INFO lhrlt-6591 --- [           main] d.s.w.p.DocumentationPluginsBootstrapper : Found 1 custom documentation plugin(s)
2021-11-06 12:13:28.269  INFO lhrlt-6591 --- [           main] s.d.s.w.s.ApiListingReferenceScanner     : Scanning for api listing references
2021-11-06 12:13:28.612  INFO lhrlt-6591 --- [           main] c.e.i.ImrhApplication                    : Started ImrhApplication in 8.211 seconds (JVM running for 9.697)
2021-11-06 12:20:10.742  INFO lhrlt-6591 --- [nio-8080-exec-2] o.a.c.c.C.[.[.[/]                        : Initializing Spring DispatcherServlet 'dispatcherServlet'
2021-11-06 12:20:10.743  INFO lhrlt-6591 --- [nio-8080-exec-2] o.s.w.s.DispatcherServlet                : Initializing Servlet 'dispatcherServlet'
2021-11-06 12:20:10.745  INFO lhrlt-6591 --- [nio-8080-exec-2] o.s.w.s.DispatcherServlet                : Completed initialization in 2 ms
2021-11-06 12:20:10.812  INFO lhrlt-6591 --- [nio-8080-exec-3] c.e.i.c.CountryController                : Request fetchAllCountry
2021-11-06 12:20:11.040  INFO lhrlt-6591 --- [nio-8080-exec-4] c.e.i.c.CountryController                : Request fetchAllCountry
2021-11-06 12:20:16.759  INFO lhrlt-6591 --- [nio-8080-exec-6] c.e.i.c.CountryController                : Request findByCountryCode countryCode ==> AFG
2021-11-06 12:20:18.427  INFO lhrlt-6591 --- [nio-8080-exec-8] c.e.i.c.CountryController                : Request fetchAllCityByCountryCode countryCode ==> AFG
2021-11-06 12:20:23.675  INFO lhrlt-6591 --- [io-8080-exec-10] c.e.i.c.CountryController                : Request findByCountryCode countryCode ==> null
2021-11-06 12:20:25.483  INFO lhrlt-6591 --- [nio-8080-exec-1] c.e.i.c.CountryController                : Request fetchAllCityByCountryCode countryCode ==> AFG
2021-11-06 12:20:25.726  INFO lhrlt-6591 --- [nio-8080-exec-2] c.e.i.c.CountryController                : Request fetchAllCityByCountryCode countryCode ==> AFG
2021-11-06 12:20:35.004  INFO lhrlt-6591 --- [nio-8080-exec-3] c.e.i.c.CountryController                : Request findByCountryCode countryCode ==> AFG
2021-11-06 12:22:38.408  INFO lhrlt-6591 --- [nio-8080-exec-6] c.e.i.c.CountryController                : Request fetchAllCountry
2021-11-06 12:22:38.459  INFO lhrlt-6591 --- [nio-8080-exec-7] c.e.i.c.CountryController                : Request fetchAllCountry
2021-11-06 12:23:50.191  INFO lhrlt-6591 --- [io-8080-exec-10] c.e.i.c.CountryController                : Request fetchAllCountry
2021-11-06 12:23:50.242  INFO lhrlt-6591 --- [nio-8080-exec-1] c.e.i.c.CountryController                : Request fetchAllCountry
2021-11-06 12:24:25.376  INFO lhrlt-6591 --- [nio-8080-exec-2] c.e.i.c.CountryController                : Request fetchAllCountry
2021-11-06 12:24:28.009  INFO lhrlt-6591 --- [nio-8080-exec-3] c.e.i.c.CountryController                : Request fetchAllCountry
2021-11-06 12:24:51.962  INFO lhrlt-6591 --- [nio-8080-exec-4] c.e.i.c.CountryController                : Request fetchAllCountry
2021-11-06 12:24:52.011  INFO lhrlt-6591 --- [nio-8080-exec-5] c.e.i.c.CountryController                : Request fetchAllCountry
2021-11-06 12:25:02.024  INFO lhrlt-6591 --- [nio-8080-exec-7] c.e.i.c.CountryController                : Request findByCountryCode countryCode ==> ALB
2021-11-06 12:25:03.300  INFO lhrlt-6591 --- [nio-8080-exec-8] c.e.i.c.CountryController                : Request fetchAllCityByCountryCode countryCode ==> ALB
2021-11-06 12:25:06.922  INFO lhrlt-6591 --- [io-8080-exec-10] c.e.i.c.CountryController                : Request fetchAllCountry
2021-11-06 12:25:53.649  INFO lhrlt-6591 --- [nio-8080-exec-1] c.e.i.c.CountryController                : Request fetchAllCountry
2021-11-06 12:25:53.698  INFO lhrlt-6591 --- [nio-8080-exec-2] c.e.i.c.CountryController                : Request fetchAllCountry
2021-11-06 12:26:01.528  INFO lhrlt-6591 --- [nio-8080-exec-3] c.e.i.c.CountryController                : Request fetchAllCountry
2021-11-06 12:26:01.785  INFO lhrlt-6591 --- [nio-8080-exec-4] c.e.i.c.CountryController                : Request fetchAllCountry
2021-11-06 12:26:05.462  INFO lhrlt-6591 --- [nio-8080-exec-5] c.e.i.c.CountryController                : Request findByCountryCode countryCode ==> AFG
2021-11-06 12:26:06.667  INFO lhrlt-6591 --- [nio-8080-exec-6] c.e.i.c.CountryController                : Request fetchAllCityByCountryCode countryCode ==> AFG
2021-11-06 12:26:10.477  INFO lhrlt-6591 --- [nio-8080-exec-7] c.e.i.c.CountryController                : Request fetchAllCountry
2021-11-06 12:26:58.153  INFO lhrlt-6591 --- [nio-8080-exec-9] c.e.i.c.CountryController                : Request fetchAllCountry
2021-11-06 12:26:58.427  INFO lhrlt-6591 --- [nio-8080-exec-8] c.e.i.c.CountryController                : Request fetchAllCountry
2021-11-06 12:27:25.751  INFO lhrlt-6591 --- [io-8080-exec-10] c.e.i.c.CountryController                : Request fetchAllCountry
2021-11-06 12:27:26.025  INFO lhrlt-6591 --- [nio-8080-exec-1] c.e.i.c.CountryController                : Request fetchAllCountry
2021-11-06 12:28:17.211  INFO lhrlt-6591 --- [nio-8080-exec-2] c.e.i.c.CountryController                : Request findByCountryCode countryCode ==> AFG
2021-11-06 12:28:18.468  INFO lhrlt-6591 --- [nio-8080-exec-3] c.e.i.c.CountryController                : Request fetchAllCityByCountryCode countryCode ==> AFG
2021-11-06 12:28:21.834  INFO lhrlt-6591 --- [nio-8080-exec-4] c.e.i.c.CountryController                : Request fetchAllCountry
2021-11-06 12:46:37.290  INFO lhrlt-6591 --- [nio-8080-exec-6] c.e.i.c.CountryController                : Request fetchAllCountry
2021-11-06 12:46:37.330  INFO lhrlt-6591 --- [nio-8080-exec-7] c.e.i.c.CountryController                : Request fetchAllCountry
2021-11-06 12:46:41.066  INFO lhrlt-6591 --- [nio-8080-exec-9] c.e.i.c.CountryController                : Request findByCountryCode countryCode ==> AFG
2021-11-06 12:46:42.569  INFO lhrlt-6591 --- [nio-8080-exec-8] c.e.i.c.CountryController                : Request fetchAllCityByCountryCode countryCode ==> AFG
2021-11-06 12:53:08.064  INFO lhrlt-6591 --- [nio-8080-exec-3] c.e.i.c.CountryController                : Request fetchAllCountry
2021-11-06 12:53:13.516  INFO lhrlt-6591 --- [nio-8080-exec-5] c.e.i.c.PartnerController                : Request fetchAllProduct
2021-11-06 12:59:26.887  INFO lhrlt-6591 --- [nio-8080-exec-7] c.e.i.c.CountryController                : Request fetchAllCountry
2021-11-06 12:59:27.171  INFO lhrlt-6591 --- [nio-8080-exec-9] c.e.i.c.CountryController                : Request fetchAllCountry
2021-11-06 13:01:16.253  INFO lhrlt-6591 --- [io-8080-exec-10] c.e.i.c.PartnerController                : Request fetchAllProduct
2021-11-06 13:04:00.322  INFO lhrlt-6591 --- [nio-8080-exec-2] c.e.i.c.PartnerController                : Request fetchAllProduct
2021-11-06 13:04:03.338  INFO lhrlt-6591 --- [nio-8080-exec-4] c.e.i.c.PartnerController                : Request findByProductId productId ==> 1001
2021-11-06 13:06:30.232  INFO lhrlt-6591 --- [nio-8080-exec-6] c.e.i.c.PartnerController                : Request fetchAllProduct
2021-11-06 13:07:02.638  INFO lhrlt-6591 --- [nio-8080-exec-7] c.e.i.c.PartnerController                : Request fetchAllProduct
2021-11-06 13:07:28.231  INFO lhrlt-6591 --- [nio-8080-exec-9] c.e.i.c.PartnerController                : Request fetchAllProduct
2021-11-06 13:07:37.815  INFO lhrlt-6591 --- [nio-8080-exec-8] c.e.i.c.PartnerController                : Request fetchAllProduct
2021-11-06 13:08:23.627  INFO lhrlt-6591 --- [io-8080-exec-10] c.e.i.c.PartnerController                : Request fetchAllProduct
2021-11-06 13:12:39.414  INFO lhrlt-6591 --- [nio-8080-exec-2] c.e.i.c.PartnerController                : Request fetchAllProduct
2021-11-06 13:13:44.613  INFO lhrlt-6591 --- [nio-8080-exec-4] c.e.i.c.PartnerController                : Request fetchAllProduct
2021-11-06 13:13:46.770  INFO lhrlt-6591 --- [nio-8080-exec-6] c.e.i.c.PartnerController                : Request findByProductId productId ==> 1002
2021-11-06 13:15:36.807  INFO lhrlt-6591 --- [nio-8080-exec-9] c.e.i.c.PartnerController                : Request findByProductId productId ==> 1002
2021-11-06 13:15:40.172  INFO lhrlt-6591 --- [nio-8080-exec-8] c.e.i.c.CountryController                : Request fetchAllCountry
2021-11-06 13:15:44.202  INFO lhrlt-6591 --- [nio-8080-exec-1] c.e.i.c.CountryController                : Request findByCountryCode countryCode ==> AFG
2021-11-06 13:15:45.573  INFO lhrlt-6591 --- [nio-8080-exec-3] c.e.i.c.CountryController                : Request fetchAllCityByCountryCode countryCode ==> AFG
2021-11-06 13:15:47.703  INFO lhrlt-6591 --- [nio-8080-exec-4] c.e.i.c.CountryController                : Request fetchAllCountry
2021-11-06 13:19:32.558  INFO lhrlt-6591 --- [nio-8080-exec-6] c.e.i.c.CountryController                : Request fetchAllCountry
2021-11-06 13:21:51.174  INFO lhrlt-6591 --- [nio-8080-exec-9] c.e.i.c.CountryController                : Request fetchAllCountry
2021-11-06 13:22:02.628  INFO lhrlt-6591 --- [nio-8080-exec-8] c.e.i.c.CountryController                : Request fetchAllCountry
2021-11-06 14:14:53.203  INFO lhrlt-6591 --- [nio-8080-exec-2] c.e.i.c.CountryController                : Request fetchAllCountry
