2021-11-02 18:06:23.278  INFO lhrlt-6591 --- [           main] c.e.i.ImrhApplication                    : Starting ImrhApplication using Java 1.8.0_201 on lhrlt-6591 with PID 12576 (E:\IMR-App\imrh\target\classes started by nabeel.jamil in E:\IMR-App\imrh)
2021-11-02 18:06:23.422 DEBUG lhrlt-6591 --- [           main] c.e.i.ImrhApplication                    : Running with Spring Boot v2.5.5, Spring v5.3.10
2021-11-02 18:06:23.423  INFO lhrlt-6591 --- [           main] c.e.i.ImrhApplication                    : No active profile set, falling back to default profiles: default
2021-11-02 18:06:24.433  INFO lhrlt-6591 --- [           main] .s.d.r.c.RepositoryConfigurationDelegate : Bootstrapping Spring Data JPA repositories in DEFAULT mode.
2021-11-02 18:06:24.609  INFO lhrlt-6591 --- [           main] .s.d.r.c.RepositoryConfigurationDelegate : Finished Spring Data repository scanning in 160 ms. Found 18 JPA repository interfaces.
2021-11-02 18:06:26.190  INFO lhrlt-6591 --- [           main] o.s.b.w.e.t.TomcatWebServer              : Tomcat initialized with port(s): 8080 (http)
2021-11-02 18:06:26.199  INFO lhrlt-6591 --- [           main] o.a.c.h.Http11NioProtocol                : Initializing ProtocolHandler ["http-nio-8080"]
2021-11-02 18:06:26.200  INFO lhrlt-6591 --- [           main] o.a.c.c.StandardService                  : Starting service [Tomcat]
2021-11-02 18:06:26.200  INFO lhrlt-6591 --- [           main] o.a.c.c.StandardEngine                   : Starting Servlet engine: [Apache Tomcat/9.0.53]
2021-11-02 18:06:26.366  INFO lhrlt-6591 --- [           main] o.a.c.c.C.[.[.[/]                        : Initializing Spring embedded WebApplicationContext
2021-11-02 18:06:26.366  INFO lhrlt-6591 --- [           main] w.s.c.ServletWebServerApplicationContext : Root WebApplicationContext: initialization completed in 2890 ms
2021-11-02 18:06:26.629  INFO lhrlt-6591 --- [           main] o.h.j.i.u.LogHelper                      : HHH000204: Processing PersistenceUnitInfo [name: default]
2021-11-02 18:06:26.730  INFO lhrlt-6591 --- [           main] o.h.Version                              : HHH000412: Hibernate ORM core version 5.4.32.Final
2021-11-02 18:06:26.911  INFO lhrlt-6591 --- [           main] o.h.a.c.Version                          : HCANN000001: Hibernate Commons Annotations {5.1.2.Final}
2021-11-02 18:06:27.037  INFO lhrlt-6591 --- [           main] o.h.d.Dialect                            : HHH000400: Using dialect: org.hibernate.dialect.PostgreSQLDialect
2021-11-02 18:06:27.391  WARN lhrlt-6591 --- [           main] o.h.m.RootClass                          : HHH000038: Composite-id class does not override equals(): com.etisalat.imrh.entity.PartnerCountryProductId
2021-11-02 18:06:27.392  WARN lhrlt-6591 --- [           main] o.h.m.RootClass                          : HHH000039: Composite-id class does not override hashCode(): com.etisalat.imrh.entity.PartnerCountryProductId
2021-11-02 18:06:27.972  INFO lhrlt-6591 --- [           main] c.z.h.HikariDataSource                   : HikariPool-1 - Starting...
2021-11-02 18:06:28.307  INFO lhrlt-6591 --- [           main] c.z.h.HikariDataSource                   : HikariPool-1 - Start completed.
2021-11-02 18:06:29.058  INFO lhrlt-6591 --- [           main] o.h.e.t.j.p.i.JtaPlatformInitiator       : HHH000490: Using JtaPlatform implementation: [org.hibernate.engine.transaction.jta.platform.internal.NoJtaPlatform]
2021-11-02 18:06:29.070  INFO lhrlt-6591 --- [           main] j.LocalContainerEntityManagerFactoryBean : Initialized JPA EntityManagerFactory for persistence unit 'default'
2021-11-02 18:06:31.026  WARN lhrlt-6591 --- [           main] JpaBaseConfiguration$JpaWebConfiguration : spring.jpa.open-in-view is enabled by default. Therefore, database queries may be performed during view rendering. Explicitly configure spring.jpa.open-in-view to disable this warning
2021-11-02 18:06:31.389  INFO lhrlt-6591 --- [           main] pertySourcedRequestMappingHandlerMapping : Mapped URL path [/v2/api-docs] onto method [springfox.documentation.swagger2.web.Swagger2Controller#getDocumentation(String, HttpServletRequest)]
2021-11-02 18:06:32.025  INFO lhrlt-6591 --- [           main] o.a.c.h.Http11NioProtocol                : Starting ProtocolHandler ["http-nio-8080"]
2021-11-02 18:06:32.071  INFO lhrlt-6591 --- [           main] o.s.b.w.e.t.TomcatWebServer              : Tomcat started on port(s): 8080 (http) with context path ''
2021-11-02 18:06:32.072  INFO lhrlt-6591 --- [           main] d.s.w.p.DocumentationPluginsBootstrapper : Context refreshed
2021-11-02 18:06:32.097  INFO lhrlt-6591 --- [           main] d.s.w.p.DocumentationPluginsBootstrapper : Found 1 custom documentation plugin(s)
2021-11-02 18:06:32.190  INFO lhrlt-6591 --- [           main] s.d.s.w.s.ApiListingReferenceScanner     : Scanning for api listing references
2021-11-02 18:06:32.602  INFO lhrlt-6591 --- [           main] c.e.i.ImrhApplication                    : Started ImrhApplication in 9.742 seconds (JVM running for 11.428)
2021-11-02 18:06:32.605 DEBUG lhrlt-6591 --- [           main] c.e.i.ImrhApplication                    : Debugging log
2021-11-02 18:06:32.605  INFO lhrlt-6591 --- [           main] c.e.i.ImrhApplication                    : Info log
2021-11-02 18:06:32.605  WARN lhrlt-6591 --- [           main] c.e.i.ImrhApplication                    : Hey, This is a warning!
2021-11-02 18:06:32.605 ERROR lhrlt-6591 --- [           main] c.e.i.ImrhApplication                    : Oops! We have an Error. OK
2021-11-02 18:06:32.605 FATAL lhrlt-6591 --- [           main] c.e.i.ImrhApplication                    : Damn! Fatal error. Please fix me.
2021-11-02 18:08:15.841  INFO lhrlt-6591 --- [           main] c.e.i.ImrhApplication                    : Starting ImrhApplication using Java 1.8.0_201 on lhrlt-6591 with PID 8376 (E:\IMR-App\imrh\target\classes started by nabeel.jamil in E:\IMR-App\imrh)
2021-11-02 18:08:15.954 DEBUG lhrlt-6591 --- [           main] c.e.i.ImrhApplication                    : Running with Spring Boot v2.5.5, Spring v5.3.10
2021-11-02 18:08:15.955  INFO lhrlt-6591 --- [           main] c.e.i.ImrhApplication                    : No active profile set, falling back to default profiles: default
2021-11-02 18:08:16.937  INFO lhrlt-6591 --- [           main] .s.d.r.c.RepositoryConfigurationDelegate : Bootstrapping Spring Data JPA repositories in DEFAULT mode.
2021-11-02 18:08:17.082  INFO lhrlt-6591 --- [           main] .s.d.r.c.RepositoryConfigurationDelegate : Finished Spring Data repository scanning in 135 ms. Found 18 JPA repository interfaces.
2021-11-02 18:08:18.376  INFO lhrlt-6591 --- [           main] o.s.b.w.e.t.TomcatWebServer              : Tomcat initialized with port(s): 8080 (http)
2021-11-02 18:08:18.386  INFO lhrlt-6591 --- [           main] o.a.c.h.Http11NioProtocol                : Initializing ProtocolHandler ["http-nio-8080"]
2021-11-02 18:08:18.387  INFO lhrlt-6591 --- [           main] o.a.c.c.StandardService                  : Starting service [Tomcat]
2021-11-02 18:08:18.387  INFO lhrlt-6591 --- [           main] o.a.c.c.StandardEngine                   : Starting Servlet engine: [Apache Tomcat/9.0.53]
2021-11-02 18:08:18.585  INFO lhrlt-6591 --- [           main] o.a.c.c.C.[.[.[/]                        : Initializing Spring embedded WebApplicationContext
2021-11-02 18:08:18.585  INFO lhrlt-6591 --- [           main] w.s.c.ServletWebServerApplicationContext : Root WebApplicationContext: initialization completed in 2587 ms
2021-11-02 18:08:18.854  INFO lhrlt-6591 --- [           main] o.h.j.i.u.LogHelper                      : HHH000204: Processing PersistenceUnitInfo [name: default]
2021-11-02 18:08:18.929  INFO lhrlt-6591 --- [           main] o.h.Version                              : HHH000412: Hibernate ORM core version 5.4.32.Final
2021-11-02 18:08:19.082  INFO lhrlt-6591 --- [           main] o.h.a.c.Version                          : HCANN000001: Hibernate Commons Annotations {5.1.2.Final}
2021-11-02 18:08:19.196  INFO lhrlt-6591 --- [           main] o.h.d.Dialect                            : HHH000400: Using dialect: org.hibernate.dialect.PostgreSQLDialect
2021-11-02 18:08:19.556  WARN lhrlt-6591 --- [           main] o.h.m.RootClass                          : HHH000038: Composite-id class does not override equals(): com.etisalat.imrh.entity.PartnerCountryProductId
2021-11-02 18:08:19.556  WARN lhrlt-6591 --- [           main] o.h.m.RootClass                          : HHH000039: Composite-id class does not override hashCode(): com.etisalat.imrh.entity.PartnerCountryProductId
2021-11-02 18:08:20.065  INFO lhrlt-6591 --- [           main] c.z.h.HikariDataSource                   : HikariPool-1 - Starting...
2021-11-02 18:08:20.391  INFO lhrlt-6591 --- [           main] c.z.h.HikariDataSource                   : HikariPool-1 - Start completed.
2021-11-02 18:08:21.106  INFO lhrlt-6591 --- [           main] o.h.e.t.j.p.i.JtaPlatformInitiator       : HHH000490: Using JtaPlatform implementation: [org.hibernate.engine.transaction.jta.platform.internal.NoJtaPlatform]
2021-11-02 18:08:21.117  INFO lhrlt-6591 --- [           main] j.LocalContainerEntityManagerFactoryBean : Initialized JPA EntityManagerFactory for persistence unit 'default'
2021-11-02 18:08:23.055  WARN lhrlt-6591 --- [           main] JpaBaseConfiguration$JpaWebConfiguration : spring.jpa.open-in-view is enabled by default. Therefore, database queries may be performed during view rendering. Explicitly configure spring.jpa.open-in-view to disable this warning
2021-11-02 18:08:23.454  INFO lhrlt-6591 --- [           main] pertySourcedRequestMappingHandlerMapping : Mapped URL path [/v2/api-docs] onto method [springfox.documentation.swagger2.web.Swagger2Controller#getDocumentation(String, HttpServletRequest)]
2021-11-02 18:08:24.180  INFO lhrlt-6591 --- [           main] o.a.c.h.Http11NioProtocol                : Starting ProtocolHandler ["http-nio-8080"]
2021-11-02 18:08:24.222  INFO lhrlt-6591 --- [           main] o.s.b.w.e.t.TomcatWebServer              : Tomcat started on port(s): 8080 (http) with context path ''
2021-11-02 18:08:24.223  INFO lhrlt-6591 --- [           main] d.s.w.p.DocumentationPluginsBootstrapper : Context refreshed
2021-11-02 18:08:24.247  INFO lhrlt-6591 --- [           main] d.s.w.p.DocumentationPluginsBootstrapper : Found 1 custom documentation plugin(s)
2021-11-02 18:08:24.325  INFO lhrlt-6591 --- [           main] s.d.s.w.s.ApiListingReferenceScanner     : Scanning for api listing references
2021-11-02 18:08:24.948  INFO lhrlt-6591 --- [           main] c.e.i.ImrhApplication                    : Started ImrhApplication in 9.499 seconds (JVM running for 10.783)
2021-11-02 18:08:24.952 DEBUG lhrlt-6591 --- [           main] c.e.i.ImrhApplication                    : Debugging log
2021-11-02 18:08:24.952  INFO lhrlt-6591 --- [           main] c.e.i.ImrhApplication                    : Info log
2021-11-02 18:08:24.952  WARN lhrlt-6591 --- [           main] c.e.i.ImrhApplication                    : Hey, This is a warning!
2021-11-02 18:08:24.952 ERROR lhrlt-6591 --- [           main] c.e.i.ImrhApplication                    : Oops! We have an Error. OK
2021-11-02 18:08:24.952 FATAL lhrlt-6591 --- [           main] c.e.i.ImrhApplication                    : Damn! Fatal error. Please fix me.
2021-11-02 18:26:08.363  INFO lhrlt-6591 --- [nio-8080-exec-1] o.a.c.c.C.[.[.[/]                        : Initializing Spring DispatcherServlet 'dispatcherServlet'
2021-11-02 18:26:08.364  INFO lhrlt-6591 --- [nio-8080-exec-1] o.s.w.s.DispatcherServlet                : Initializing Servlet 'dispatcherServlet'
2021-11-02 18:26:08.366  INFO lhrlt-6591 --- [nio-8080-exec-1] o.s.w.s.DispatcherServlet                : Completed initialization in 2 ms
2021-11-02 18:26:08.414  INFO lhrlt-6591 --- [nio-8080-exec-1] c.e.i.c.BankController                   : Request findByBankId ==> bankId 1
2021-11-02 18:33:53.211  INFO lhrlt-6591 --- [nio-8080-exec-3] c.e.i.c.BankController                   : Request findByBankId ==> bankId 1
2021-11-02 18:33:53.746  INFO lhrlt-6591 --- [nio-8080-exec-4] c.e.i.c.BankController                   : Request findByBankId ==> bankId 1
2021-11-02 18:33:53.908  INFO lhrlt-6591 --- [nio-8080-exec-5] c.e.i.c.BankController                   : Request findByBankId ==> bankId 1
2021-11-02 18:33:54.072  INFO lhrlt-6591 --- [nio-8080-exec-6] c.e.i.c.BankController                   : Request findByBankId ==> bankId 1
2021-11-02 18:33:54.229  INFO lhrlt-6591 --- [nio-8080-exec-7] c.e.i.c.BankController                   : Request findByBankId ==> bankId 1
2021-11-02 18:33:54.385  INFO lhrlt-6591 --- [nio-8080-exec-8] c.e.i.c.BankController                   : Request findByBankId ==> bankId 1
2021-11-02 18:33:54.548  INFO lhrlt-6591 --- [nio-8080-exec-9] c.e.i.c.BankController                   : Request findByBankId ==> bankId 1
2021-11-02 18:33:54.707  INFO lhrlt-6591 --- [io-8080-exec-10] c.e.i.c.BankController                   : Request findByBankId ==> bankId 1
2021-11-02 18:33:54.880  INFO lhrlt-6591 --- [nio-8080-exec-1] c.e.i.c.BankController                   : Request findByBankId ==> bankId 1
2021-11-02 18:33:55.053  INFO lhrlt-6591 --- [nio-8080-exec-2] c.e.i.c.BankController                   : Request findByBankId ==> bankId 1
2021-11-02 18:33:55.207  INFO lhrlt-6591 --- [nio-8080-exec-3] c.e.i.c.BankController                   : Request findByBankId ==> bankId 1
2021-11-02 18:33:55.371  INFO lhrlt-6591 --- [nio-8080-exec-4] c.e.i.c.BankController                   : Request findByBankId ==> bankId 1
2021-11-02 18:33:55.551  INFO lhrlt-6591 --- [nio-8080-exec-5] c.e.i.c.BankController                   : Request findByBankId ==> bankId 1
2021-11-02 18:33:55.730  INFO lhrlt-6591 --- [nio-8080-exec-6] c.e.i.c.BankController                   : Request findByBankId ==> bankId 1
2021-11-02 18:33:55.918  INFO lhrlt-6591 --- [nio-8080-exec-7] c.e.i.c.BankController                   : Request findByBankId ==> bankId 1
2021-11-02 18:33:56.083  INFO lhrlt-6591 --- [nio-8080-exec-8] c.e.i.c.BankController                   : Request findByBankId ==> bankId 1
2021-11-02 18:42:04.133  INFO lhrlt-6591 --- [io-8080-exec-10] c.e.i.c.BankController                   : Request findByBankId ==> bankId 1
2021-11-02 18:42:04.733  INFO lhrlt-6591 --- [nio-8080-exec-1] c.e.i.c.BankController                   : Request findByBankId ==> bankId 1
2021-11-02 18:42:04.947  INFO lhrlt-6591 --- [nio-8080-exec-2] c.e.i.c.BankController                   : Request findByBankId ==> bankId 1
2021-11-02 18:42:05.108  INFO lhrlt-6591 --- [nio-8080-exec-3] c.e.i.c.BankController                   : Request findByBankId ==> bankId 1
2021-11-02 18:42:05.279  INFO lhrlt-6591 --- [nio-8080-exec-4] c.e.i.c.BankController                   : Request findByBankId ==> bankId 1
2021-11-02 18:42:05.427  INFO lhrlt-6591 --- [nio-8080-exec-5] c.e.i.c.BankController                   : Request findByBankId ==> bankId 1
2021-11-02 18:42:05.587  INFO lhrlt-6591 --- [nio-8080-exec-6] c.e.i.c.BankController                   : Request findByBankId ==> bankId 1
2021-11-02 18:42:05.739  INFO lhrlt-6591 --- [nio-8080-exec-7] c.e.i.c.BankController                   : Request findByBankId ==> bankId 1
2021-11-02 18:42:05.900  INFO lhrlt-6591 --- [nio-8080-exec-8] c.e.i.c.BankController                   : Request findByBankId ==> bankId 1
2021-11-02 18:42:06.052  INFO lhrlt-6591 --- [nio-8080-exec-9] c.e.i.c.BankController                   : Request findByBankId ==> bankId 1
2021-11-02 18:44:08.168  INFO lhrlt-6591 --- [nio-8080-exec-1] c.e.i.c.BankController                   : Request findByBankId ==> bankId 1
2021-11-02 18:44:08.410  INFO lhrlt-6591 --- [nio-8080-exec-2] c.e.i.c.BankController                   : Request findByBankId ==> bankId 1
2021-11-02 18:44:08.561  INFO lhrlt-6591 --- [nio-8080-exec-3] c.e.i.c.BankController                   : Request findByBankId ==> bankId 1
2021-11-02 18:44:08.835  INFO lhrlt-6591 --- [nio-8080-exec-4] c.e.i.c.BankController                   : Request findByBankId ==> bankId 1
2021-11-02 18:44:09.222  INFO lhrlt-6591 --- [nio-8080-exec-5] c.e.i.c.BankController                   : Request findByBankId ==> bankId 1
2021-11-02 18:44:09.388  INFO lhrlt-6591 --- [nio-8080-exec-6] c.e.i.c.BankController                   : Request findByBankId ==> bankId 1
2021-11-02 18:44:09.573  INFO lhrlt-6591 --- [nio-8080-exec-7] c.e.i.c.BankController                   : Request findByBankId ==> bankId 1
2021-11-02 18:44:09.747  INFO lhrlt-6591 --- [nio-8080-exec-8] c.e.i.c.BankController                   : Request findByBankId ==> bankId 1
2021-11-02 18:44:09.916  INFO lhrlt-6591 --- [nio-8080-exec-9] c.e.i.c.BankController                   : Request findByBankId ==> bankId 1
2021-11-02 18:44:10.078  INFO lhrlt-6591 --- [io-8080-exec-10] c.e.i.c.BankController                   : Request findByBankId ==> bankId 1
2021-11-02 18:44:10.307  INFO lhrlt-6591 --- [nio-8080-exec-1] c.e.i.c.BankController                   : Request findByBankId ==> bankId 1
2021-11-02 18:44:10.491  INFO lhrlt-6591 --- [nio-8080-exec-2] c.e.i.c.BankController                   : Request findByBankId ==> bankId 1
2021-11-02 18:44:10.653  INFO lhrlt-6591 --- [nio-8080-exec-3] c.e.i.c.BankController                   : Request findByBankId ==> bankId 1
2021-11-02 18:44:10.849  INFO lhrlt-6591 --- [nio-8080-exec-4] c.e.i.c.BankController                   : Request findByBankId ==> bankId 1
2021-11-02 18:51:24.707  INFO lhrlt-6591 --- [nio-8080-exec-6] c.e.i.c.BankController                   : Request findByBankId ==> bankId 1
2021-11-02 18:51:26.040  INFO lhrlt-6591 --- [nio-8080-exec-7] c.e.i.c.BankController                   : Request findByBankId ==> bankId 1
2021-11-02 18:51:26.270  INFO lhrlt-6591 --- [nio-8080-exec-8] c.e.i.c.BankController                   : Request findByBankId ==> bankId 1
2021-11-02 18:51:26.455  INFO lhrlt-6591 --- [nio-8080-exec-9] c.e.i.c.BankController                   : Request findByBankId ==> bankId 1
2021-11-02 18:51:26.639  INFO lhrlt-6591 --- [io-8080-exec-10] c.e.i.c.BankController                   : Request findByBankId ==> bankId 1
2021-11-02 18:51:26.844  INFO lhrlt-6591 --- [nio-8080-exec-1] c.e.i.c.BankController                   : Request findByBankId ==> bankId 1
2021-11-02 18:51:26.980  INFO lhrlt-6591 --- [nio-8080-exec-2] c.e.i.c.BankController                   : Request findByBankId ==> bankId 1
2021-11-02 18:51:27.163  INFO lhrlt-6591 --- [nio-8080-exec-3] c.e.i.c.BankController                   : Request findByBankId ==> bankId 1
2021-11-02 18:51:27.330  INFO lhrlt-6591 --- [nio-8080-exec-4] c.e.i.c.BankController                   : Request findByBankId ==> bankId 1
2021-11-02 18:51:27.509  INFO lhrlt-6591 --- [nio-8080-exec-5] c.e.i.c.BankController                   : Request findByBankId ==> bankId 1
2021-11-02 18:51:27.655  INFO lhrlt-6591 --- [nio-8080-exec-6] c.e.i.c.BankController                   : Request findByBankId ==> bankId 1
2021-11-02 18:51:27.821  INFO lhrlt-6591 --- [nio-8080-exec-7] c.e.i.c.BankController                   : Request findByBankId ==> bankId 1
2021-11-02 18:52:35.939  INFO lhrlt-6591 --- [nio-8080-exec-9] c.e.i.c.BankController                   : Request findByBankId ==> bankId 1
2021-11-02 18:52:37.088  INFO lhrlt-6591 --- [io-8080-exec-10] c.e.i.c.BankController                   : Request findByBankId ==> bankId 1
2021-11-02 18:52:37.196  INFO lhrlt-6591 --- [nio-8080-exec-1] c.e.i.c.BankController                   : Request findByBankId ==> bankId 1
2021-11-02 18:52:37.340  INFO lhrlt-6591 --- [nio-8080-exec-2] c.e.i.c.BankController                   : Request findByBankId ==> bankId 1
2021-11-02 18:52:37.480  INFO lhrlt-6591 --- [nio-8080-exec-3] c.e.i.c.BankController                   : Request findByBankId ==> bankId 1
2021-11-02 18:52:37.649  INFO lhrlt-6591 --- [nio-8080-exec-4] c.e.i.c.BankController                   : Request findByBankId ==> bankId 1
2021-11-02 18:52:37.785  INFO lhrlt-6591 --- [nio-8080-exec-5] c.e.i.c.BankController                   : Request findByBankId ==> bankId 1
