2021-11-10 10:58:31.276  INFO lhrlt-6591 --- [           main] c.e.i.ImrhApplication                    : Starting ImrhApplication using Java 1.8.0_201 on lhrlt-6591 with PID 23804 (E:\IMR-App\imrh\target\classes started by nabeel.jamil in E:\IMR-App\imrh)
2021-11-10 10:58:31.403 DEBUG lhrlt-6591 --- [           main] c.e.i.ImrhApplication                    : Running with Spring Boot v2.5.5, Spring v5.3.10
2021-11-10 10:58:31.404  INFO lhrlt-6591 --- [           main] c.e.i.ImrhApplication                    : No active profile set, falling back to default profiles: default
2021-11-10 10:58:32.915  INFO lhrlt-6591 --- [           main] .s.d.r.c.RepositoryConfigurationDelegate : Bootstrapping Spring Data JPA repositories in DEFAULT mode.
2021-11-10 10:58:33.165  INFO lhrlt-6591 --- [           main] .s.d.r.c.RepositoryConfigurationDelegate : Finished Spring Data repository scanning in 237 ms. Found 18 JPA repository interfaces.
2021-11-10 10:58:34.751  INFO lhrlt-6591 --- [           main] o.s.b.w.e.t.TomcatWebServer              : Tomcat initialized with port(s): 8080 (http)
2021-11-10 10:58:34.760  INFO lhrlt-6591 --- [           main] o.a.c.h.Http11NioProtocol                : Initializing ProtocolHandler ["http-nio-8080"]
2021-11-10 10:58:34.761  INFO lhrlt-6591 --- [           main] o.a.c.c.StandardService                  : Starting service [Tomcat]
2021-11-10 10:58:34.761  INFO lhrlt-6591 --- [           main] o.a.c.c.StandardEngine                   : Starting Servlet engine: [Apache Tomcat/9.0.53]
2021-11-10 10:58:34.945  INFO lhrlt-6591 --- [           main] o.a.c.c.C.[.[.[/]                        : Initializing Spring embedded WebApplicationContext
2021-11-10 10:58:34.945  INFO lhrlt-6591 --- [           main] w.s.c.ServletWebServerApplicationContext : Root WebApplicationContext: initialization completed in 3490 ms
2021-11-10 10:58:35.271  INFO lhrlt-6591 --- [           main] c.z.h.HikariDataSource                   : HikariPool-1 - Starting...
2021-11-10 10:58:35.752  INFO lhrlt-6591 --- [           main] c.z.h.HikariDataSource                   : HikariPool-1 - Start completed.
2021-11-10 10:58:35.875  INFO lhrlt-6591 --- [           main] o.h.j.i.u.LogHelper                      : HHH000204: Processing PersistenceUnitInfo [name: default]
2021-11-10 10:58:36.006  INFO lhrlt-6591 --- [           main] o.h.Version                              : HHH000412: Hibernate ORM core version 5.4.32.Final
2021-11-10 10:58:36.256  INFO lhrlt-6591 --- [           main] o.h.a.c.Version                          : HCANN000001: Hibernate Commons Annotations {5.1.2.Final}
2021-11-10 10:58:36.485  INFO lhrlt-6591 --- [           main] o.h.d.Dialect                            : HHH000400: Using dialect: org.hibernate.dialect.PostgreSQLDialect
2021-11-10 10:58:36.990  WARN lhrlt-6591 --- [           main] o.h.m.RootClass                          : HHH000038: Composite-id class does not override equals(): com.etisalat.imrh.entity.PartnerCountryProductId
2021-11-10 10:58:36.990  WARN lhrlt-6591 --- [           main] o.h.m.RootClass                          : HHH000039: Composite-id class does not override hashCode(): com.etisalat.imrh.entity.PartnerCountryProductId
2021-11-10 10:58:37.704  INFO lhrlt-6591 --- [           main] o.h.e.t.j.p.i.JtaPlatformInitiator       : HHH000490: Using JtaPlatform implementation: [org.hibernate.engine.transaction.jta.platform.internal.NoJtaPlatform]
2021-11-10 10:58:37.719  INFO lhrlt-6591 --- [           main] j.LocalContainerEntityManagerFactoryBean : Initialized JPA EntityManagerFactory for persistence unit 'default'
2021-11-10 10:58:39.822  WARN lhrlt-6591 --- [           main] JpaBaseConfiguration$JpaWebConfiguration : spring.jpa.open-in-view is enabled by default. Therefore, database queries may be performed during view rendering. Explicitly configure spring.jpa.open-in-view to disable this warning
2021-11-10 10:58:40.397  INFO lhrlt-6591 --- [           main] pertySourcedRequestMappingHandlerMapping : Mapped URL path [/v2/api-docs] onto method [springfox.documentation.swagger2.web.Swagger2Controller#getDocumentation(String, HttpServletRequest)]
2021-11-10 10:58:41.500  INFO lhrlt-6591 --- [           main] o.a.c.h.Http11NioProtocol                : Starting ProtocolHandler ["http-nio-8080"]
2021-11-10 10:58:41.559  INFO lhrlt-6591 --- [           main] o.s.b.w.e.t.TomcatWebServer              : Tomcat started on port(s): 8080 (http) with context path ''
2021-11-10 10:58:41.560  INFO lhrlt-6591 --- [           main] d.s.w.p.DocumentationPluginsBootstrapper : Context refreshed
2021-11-10 10:58:41.603  INFO lhrlt-6591 --- [           main] d.s.w.p.DocumentationPluginsBootstrapper : Found 1 custom documentation plugin(s)
2021-11-10 10:58:41.743  INFO lhrlt-6591 --- [           main] s.d.s.w.s.ApiListingReferenceScanner     : Scanning for api listing references
2021-11-10 10:58:42.333  INFO lhrlt-6591 --- [           main] c.e.i.ImrhApplication                    : Started ImrhApplication in 11.477 seconds (JVM running for 13.382)
2021-11-10 11:01:40.044  INFO lhrlt-6591 --- [nio-8080-exec-1] o.a.c.c.C.[.[.[/]                        : Initializing Spring DispatcherServlet 'dispatcherServlet'
2021-11-10 11:01:40.044  INFO lhrlt-6591 --- [nio-8080-exec-1] o.s.w.s.DispatcherServlet                : Initializing Servlet 'dispatcherServlet'
2021-11-10 11:01:40.046  INFO lhrlt-6591 --- [nio-8080-exec-1] o.s.w.s.DispatcherServlet                : Completed initialization in 2 ms
2021-11-10 11:02:05.143  INFO lhrlt-6591 --- [nio-8080-exec-9] c.e.i.c.PartnerController                : Request findMtoCityByMtoPartnerIdAndMtoCountryCode partnerId ==> 1000
2021-11-10 11:02:05.248  WARN lhrlt-6591 --- [nio-8080-exec-9] o.h.e.j.s.SqlExceptionHelper             : SQL Error: 0, SQLState: 42601
2021-11-10 11:02:05.248 ERROR lhrlt-6591 --- [nio-8080-exec-9] o.h.e.j.s.SqlExceptionHelper             : ERROR: syntax error at or near "country"
  Position: 123
2021-11-10 11:02:05.261 ERROR lhrlt-6591 --- [nio-8080-exec-9] c.e.i.c.PartnerController                : An error occurred while findMtoCityByMtoPartnerIdAndMtoCountryCode
org.postgresql.util.PSQLException: ERROR: syntax error at or near "country"
  Position: 123
	at org.postgresql.core.v3.QueryExecutorImpl.receiveErrorResponse(QueryExecutorImpl.java:2552)
	at org.postgresql.core.v3.QueryExecutorImpl.processResults(QueryExecutorImpl.java:2284)
	at org.postgresql.core.v3.QueryExecutorImpl.execute(QueryExecutorImpl.java:322)
	at org.postgresql.jdbc.PgStatement.executeInternal(PgStatement.java:481)
	at org.postgresql.jdbc.PgStatement.execute(PgStatement.java:401)
	at org.postgresql.jdbc.PgPreparedStatement.executeWithFlags(PgPreparedStatement.java:164)
	at org.postgresql.jdbc.PgPreparedStatement.executeQuery(PgPreparedStatement.java:114)
	at com.zaxxer.hikari.pool.ProxyPreparedStatement.executeQuery(ProxyPreparedStatement.java:52)
	at com.zaxxer.hikari.pool.HikariProxyPreparedStatement.executeQuery(HikariProxyPreparedStatement.java)
	at org.hibernate.engine.jdbc.internal.ResultSetReturnImpl.extract(ResultSetReturnImpl.java:57)
	at org.hibernate.loader.Loader.getResultSet(Loader.java:2297)
	at org.hibernate.loader.Loader.executeQueryStatement(Loader.java:2050)
	at org.hibernate.loader.Loader.executeQueryStatement(Loader.java:2012)
	at org.hibernate.loader.Loader.doQuery(Loader.java:948)
	at org.hibernate.loader.Loader.doQueryAndInitializeNonLazyCollections(Loader.java:349)
	at org.hibernate.loader.Loader.doList(Loader.java:2843)
	at org.hibernate.loader.Loader.doList(Loader.java:2825)
	at org.hibernate.loader.Loader.listIgnoreQueryCache(Loader.java:2657)
	at org.hibernate.loader.Loader.list(Loader.java:2652)
	at org.hibernate.loader.custom.CustomLoader.list(CustomLoader.java:338)
	at org.hibernate.internal.SessionImpl.listCustomQuery(SessionImpl.java:2141)
	at org.hibernate.internal.AbstractSharedSessionContract.list(AbstractSharedSessionContract.java:1169)
	at org.hibernate.query.internal.NativeQueryImpl.doList(NativeQueryImpl.java:176)
	at org.hibernate.query.internal.AbstractProducedQuery.list(AbstractProducedQuery.java:1604)
	at org.hibernate.query.Query.getResultList(Query.java:165)
	at org.springframework.data.jpa.repository.query.JpaQueryExecution$CollectionExecution.doExecute(JpaQueryExecution.java:126)
	at org.springframework.data.jpa.repository.query.JpaQueryExecution.execute(JpaQueryExecution.java:88)
	at org.springframework.data.jpa.repository.query.AbstractJpaQuery.doExecute(AbstractJpaQuery.java:155)
	at org.springframework.data.jpa.repository.query.AbstractJpaQuery.execute(AbstractJpaQuery.java:143)
	at org.springframework.data.repository.core.support.RepositoryMethodInvoker.doInvoke(RepositoryMethodInvoker.java:137)
	at org.springframework.data.repository.core.support.RepositoryMethodInvoker.invoke(RepositoryMethodInvoker.java:121)
	at org.springframework.data.repository.core.support.QueryExecutorMethodInterceptor.doInvoke(QueryExecutorMethodInterceptor.java:159)
	at org.springframework.data.repository.core.support.QueryExecutorMethodInterceptor.invoke(QueryExecutorMethodInterceptor.java:138)
	at org.springframework.aop.framework.ReflectiveMethodInvocation.proceed(ReflectiveMethodInvocation.java:186)
	at org.springframework.data.projection.DefaultMethodInvokingMethodInterceptor.invoke(DefaultMethodInvokingMethodInterceptor.java:80)
	at org.springframework.aop.framework.ReflectiveMethodInvocation.proceed(ReflectiveMethodInvocation.java:186)
	at org.springframework.transaction.interceptor.TransactionInterceptor$1.proceedWithInvocation(TransactionInterceptor.java:123)
	at org.springframework.transaction.interceptor.TransactionAspectSupport.invokeWithinTransaction(TransactionAspectSupport.java:388)
	at org.springframework.transaction.interceptor.TransactionInterceptor.invoke(TransactionInterceptor.java:119)
	at org.springframework.aop.framework.ReflectiveMethodInvocation.proceed(ReflectiveMethodInvocation.java:186)
	at org.springframework.dao.support.PersistenceExceptionTranslationInterceptor.invoke(PersistenceExceptionTranslationInterceptor.java:137)
	at org.springframework.aop.framework.ReflectiveMethodInvocation.proceed(ReflectiveMethodInvocation.java:186)
	at org.springframework.data.jpa.repository.support.CrudMethodMetadataPostProcessor$CrudMethodMetadataPopulatingMethodInterceptor.invoke(CrudMethodMetadataPostProcessor.java:145)
	at org.springframework.aop.framework.ReflectiveMethodInvocation.proceed(ReflectiveMethodInvocation.java:186)
	at org.springframework.aop.interceptor.ExposeInvocationInterceptor.invoke(ExposeInvocationInterceptor.java:97)
	at org.springframework.aop.framework.ReflectiveMethodInvocation.proceed(ReflectiveMethodInvocation.java:186)
	at org.springframework.aop.framework.JdkDynamicAopProxy.invoke(JdkDynamicAopProxy.java:215)
	at com.sun.proxy.$Proxy129.findMtoCityByMtoPartnerIdAndMtoCountryCode(Unknown Source)
	at com.etisalat.imrh.service.impl.PartnerServiceImpl.findMtoCityByMtoPartnerIdAndMtoCountryCode(PartnerServiceImpl.java:236)
	at com.etisalat.imrh.service.impl.PartnerServiceImpl$$FastClassBySpringCGLIB$$4e97da18.invoke(<generated>)
	at org.springframework.cglib.proxy.MethodProxy.invoke(MethodProxy.java:218)
	at org.springframework.aop.framework.CglibAopProxy$CglibMethodInvocation.invokeJoinpoint(CglibAopProxy.java:779)
	at org.springframework.aop.framework.ReflectiveMethodInvocation.proceed(ReflectiveMethodInvocation.java:163)
	at org.springframework.aop.framework.CglibAopProxy$CglibMethodInvocation.proceed(CglibAopProxy.java:750)
	at org.springframework.transaction.interceptor.TransactionInterceptor$1.proceedWithInvocation(TransactionInterceptor.java:123)
	at org.springframework.transaction.interceptor.TransactionAspectSupport.invokeWithinTransaction(TransactionAspectSupport.java:388)
	at org.springframework.transaction.interceptor.TransactionInterceptor.invoke(TransactionInterceptor.java:119)
	at org.springframework.aop.framework.ReflectiveMethodInvocation.proceed(ReflectiveMethodInvocation.java:186)
	at org.springframework.aop.framework.CglibAopProxy$CglibMethodInvocation.proceed(CglibAopProxy.java:750)
	at org.springframework.aop.framework.CglibAopProxy$DynamicAdvisedInterceptor.intercept(CglibAopProxy.java:692)
	at com.etisalat.imrh.service.impl.PartnerServiceImpl$$EnhancerBySpringCGLIB$$17c6a581.findMtoCityByMtoPartnerIdAndMtoCountryCode(<generated>)
	at com.etisalat.imrh.controller.PartnerController.findMtoCityByMtoPartnerIdAndMtoCountryCode(PartnerController.java:182)
	at sun.reflect.NativeMethodAccessorImpl.invoke0(Native Method)
	at sun.reflect.NativeMethodAccessorImpl.invoke(NativeMethodAccessorImpl.java:62)
	at sun.reflect.DelegatingMethodAccessorImpl.invoke(DelegatingMethodAccessorImpl.java:43)
	at java.lang.reflect.Method.invoke(Method.java:498)
	at org.springframework.web.method.support.InvocableHandlerMethod.doInvoke(InvocableHandlerMethod.java:205)
	at org.springframework.web.method.support.InvocableHandlerMethod.invokeForRequest(InvocableHandlerMethod.java:150)
	at org.springframework.web.servlet.mvc.method.annotation.ServletInvocableHandlerMethod.invokeAndHandle(ServletInvocableHandlerMethod.java:117)
	at org.springframework.web.servlet.mvc.method.annotation.RequestMappingHandlerAdapter.invokeHandlerMethod(RequestMappingHandlerAdapter.java:895)
	at org.springframework.web.servlet.mvc.method.annotation.RequestMappingHandlerAdapter.handleInternal(RequestMappingHandlerAdapter.java:808)
	at org.springframework.web.servlet.mvc.method.AbstractHandlerMethodAdapter.handle(AbstractHandlerMethodAdapter.java:87)
	at org.springframework.web.servlet.DispatcherServlet.doDispatch(DispatcherServlet.java:1067)
	at org.springframework.web.servlet.DispatcherServlet.doService(DispatcherServlet.java:963)
	at org.springframework.web.servlet.FrameworkServlet.processRequest(FrameworkServlet.java:1006)
	at org.springframework.web.servlet.FrameworkServlet.doGet(FrameworkServlet.java:898)
	at javax.servlet.http.HttpServlet.service(HttpServlet.java:655)
	at org.springframework.web.servlet.FrameworkServlet.service(FrameworkServlet.java:883)
	at javax.servlet.http.HttpServlet.service(HttpServlet.java:764)
	at org.apache.catalina.core.ApplicationFilterChain.internalDoFilter(ApplicationFilterChain.java:227)
	at org.apache.catalina.core.ApplicationFilterChain.doFilter(ApplicationFilterChain.java:162)
	at org.apache.tomcat.websocket.server.WsFilter.doFilter(WsFilter.java:53)
	at org.apache.catalina.core.ApplicationFilterChain.internalDoFilter(ApplicationFilterChain.java:189)
	at org.apache.catalina.core.ApplicationFilterChain.doFilter(ApplicationFilterChain.java:162)
	at org.springframework.web.filter.RequestContextFilter.doFilterInternal(RequestContextFilter.java:100)
	at org.springframework.web.filter.OncePerRequestFilter.doFilter(OncePerRequestFilter.java:119)
	at org.apache.catalina.core.ApplicationFilterChain.internalDoFilter(ApplicationFilterChain.java:189)
	at org.apache.catalina.core.ApplicationFilterChain.doFilter(ApplicationFilterChain.java:162)
	at org.springframework.web.filter.FormContentFilter.doFilterInternal(FormContentFilter.java:93)
	at org.springframework.web.filter.OncePerRequestFilter.doFilter(OncePerRequestFilter.java:119)
	at org.apache.catalina.core.ApplicationFilterChain.internalDoFilter(ApplicationFilterChain.java:189)
	at org.apache.catalina.core.ApplicationFilterChain.doFilter(ApplicationFilterChain.java:162)
	at org.springframework.web.filter.CharacterEncodingFilter.doFilterInternal(CharacterEncodingFilter.java:201)
	at org.springframework.web.filter.OncePerRequestFilter.doFilter(OncePerRequestFilter.java:119)
	at org.apache.catalina.core.ApplicationFilterChain.internalDoFilter(ApplicationFilterChain.java:189)
	at org.apache.catalina.core.ApplicationFilterChain.doFilter(ApplicationFilterChain.java:162)
	at org.apache.catalina.core.StandardWrapperValve.invoke(StandardWrapperValve.java:197)
	at org.apache.catalina.core.StandardContextValve.invoke(StandardContextValve.java:97)
	at org.apache.catalina.authenticator.AuthenticatorBase.invoke(AuthenticatorBase.java:540)
	at org.apache.catalina.core.StandardHostValve.invoke(StandardHostValve.java:135)
	at org.apache.catalina.valves.ErrorReportValve.invoke(ErrorReportValve.java:92)
	at org.apache.catalina.core.StandardEngineValve.invoke(StandardEngineValve.java:78)
	at org.apache.catalina.connector.CoyoteAdapter.service(CoyoteAdapter.java:357)
	at org.apache.coyote.http11.Http11Processor.service(Http11Processor.java:382)
	at org.apache.coyote.AbstractProcessorLight.process(AbstractProcessorLight.java:65)
	at org.apache.coyote.AbstractProtocol$ConnectionHandler.process(AbstractProtocol.java:893)
	at org.apache.tomcat.util.net.NioEndpoint$SocketProcessor.doRun(NioEndpoint.java:1726)
	at org.apache.tomcat.util.net.SocketProcessorBase.run(SocketProcessorBase.java:49)
	at org.apache.tomcat.util.threads.ThreadPoolExecutor.runWorker(ThreadPoolExecutor.java:1191)
	at org.apache.tomcat.util.threads.ThreadPoolExecutor$Worker.run(ThreadPoolExecutor.java:659)
	at org.apache.tomcat.util.threads.TaskThread$WrappingRunnable.run(TaskThread.java:61)
	at java.lang.Thread.run(Thread.java:748)
2021-11-10 11:26:18.555  INFO lhrlt-6591 --- [nio-8080-exec-7] c.e.i.c.PartnerController                : Request fetchAllMtoPartner
2021-11-10 11:30:43.331  INFO lhrlt-6591 --- [nio-8080-exec-1] c.e.i.c.PartnerController                : Request findByMtoPartnerId partnerId ==> 1002
2021-11-10 11:31:10.052  INFO lhrlt-6591 --- [nio-8080-exec-2] c.e.i.c.PartnerController                : Request findMtoCountryByMtoPartnerId partnerId ==> 1002
2021-11-10 11:31:16.398  INFO lhrlt-6591 --- [io-8080-exec-10] c.e.i.c.PartnerController                : Request findByMtoPartnerId partnerId ==> 1002
2021-11-10 11:31:16.647  INFO lhrlt-6591 --- [nio-8080-exec-4] c.e.i.c.PartnerController                : Request findByMtoPartnerId partnerId ==> 1002
2021-11-10 11:31:17.547  INFO lhrlt-6591 --- [nio-8080-exec-5] c.e.i.c.PartnerController                : Request fetchAllMtoPartner
2021-11-10 11:31:24.295  INFO lhrlt-6591 --- [nio-8080-exec-7] c.e.i.c.PartnerController                : Request findByMtoPartnerId partnerId ==> 1000
2021-11-10 11:32:24.721  INFO lhrlt-6591 --- [nio-8080-exec-1] c.e.i.c.PartnerController                : Request findMtoCountryByMtoPartnerId partnerId ==> 1000
2021-11-10 11:32:26.321  INFO lhrlt-6591 --- [nio-8080-exec-6] c.e.i.c.PartnerController                : Request findByMtoPartnerId partnerId ==> 1000
2021-11-10 11:32:26.572  INFO lhrlt-6591 --- [nio-8080-exec-2] c.e.i.c.PartnerController                : Request findByMtoPartnerId partnerId ==> 1000
2021-11-10 11:32:27.292  INFO lhrlt-6591 --- [io-8080-exec-10] c.e.i.c.PartnerController                : Request fetchAllMtoPartner
2021-11-10 11:32:30.414  WARN lhrlt-6591 --- [nio-8080-exec-5] .w.s.m.s.DefaultHandlerExceptionResolver : Resolved [org.springframework.web.method.annotation.MethodArgumentTypeMismatchException: Failed to convert value of type 'java.lang.String' to required type 'java.lang.Long'; nested exception is java.lang.NumberFormatException: For input string: "null"]
2021-11-10 11:34:04.013  WARN lhrlt-6591 --- [nio-8080-exec-3] .w.s.m.s.DefaultHandlerExceptionResolver : Resolved [org.springframework.web.method.annotation.MethodArgumentTypeMismatchException: Failed to convert value of type 'java.lang.String' to required type 'java.lang.Long'; nested exception is java.lang.NumberFormatException: For input string: "null"]
2021-11-10 11:45:19.436  WARN lhrlt-6591 --- [nio-8080-exec-7] .w.s.m.s.DefaultHandlerExceptionResolver : Resolved [org.springframework.web.method.annotation.MethodArgumentTypeMismatchException: Failed to convert value of type 'java.lang.String' to required type 'java.lang.Long'; nested exception is java.lang.NumberFormatException: For input string: "null"]
2021-11-10 11:52:46.436  WARN lhrlt-6591 --- [nio-8080-exec-8] .w.s.m.s.DefaultHandlerExceptionResolver : Resolved [org.springframework.web.method.annotation.MethodArgumentTypeMismatchException: Failed to convert value of type 'java.lang.String' to required type 'java.lang.Long'; nested exception is java.lang.NumberFormatException: For input string: "null"]
2021-11-10 11:58:57.622  INFO lhrlt-6591 --- [nio-8080-exec-1] c.e.i.c.PartnerController                : Request fetchAllMtoPartner
2021-11-10 12:03:22.149  INFO lhrlt-6591 --- [nio-8080-exec-2] c.e.i.c.PartnerController                : Request fetchAllMtoPartner
2021-11-10 12:03:27.405  WARN lhrlt-6591 --- [nio-8080-exec-4] .w.s.m.s.DefaultHandlerExceptionResolver : Resolved [org.springframework.web.method.annotation.MethodArgumentTypeMismatchException: Failed to convert value of type 'java.lang.String' to required type 'java.lang.Long'; nested exception is java.lang.NumberFormatException: For input string: "null"]
2021-11-10 12:03:52.995  INFO lhrlt-6591 --- [nio-8080-exec-5] c.e.i.c.PartnerController                : Request fetchAllMtoPartner
2021-11-10 12:03:56.610  INFO lhrlt-6591 --- [nio-8080-exec-3] c.e.i.c.PartnerController                : Request fetchAllMtoPartner
2021-11-10 12:03:59.274  WARN lhrlt-6591 --- [nio-8080-exec-7] .w.s.m.s.DefaultHandlerExceptionResolver : Resolved [org.springframework.web.method.annotation.MethodArgumentTypeMismatchException: Failed to convert value of type 'java.lang.String' to required type 'java.lang.Long'; nested exception is java.lang.NumberFormatException: For input string: "null"]
2021-11-10 12:04:23.976  WARN lhrlt-6591 --- [nio-8080-exec-8] .w.s.m.s.DefaultHandlerExceptionResolver : Resolved [org.springframework.web.method.annotation.MethodArgumentTypeMismatchException: Failed to convert value of type 'java.lang.String' to required type 'java.lang.Long'; nested exception is java.lang.NumberFormatException: For input string: "null"]
2021-11-10 12:04:26.515  INFO lhrlt-6591 --- [nio-8080-exec-9] c.e.i.c.PartnerController                : Request fetchAllMtoPartner
2021-11-10 12:04:51.966  WARN lhrlt-6591 --- [nio-8080-exec-1] .w.s.m.s.DefaultHandlerExceptionResolver : Resolved [org.springframework.web.method.annotation.MethodArgumentTypeMismatchException: Failed to convert value of type 'java.lang.String' to required type 'java.lang.Long'; nested exception is java.lang.NumberFormatException: For input string: "null"]
2021-11-10 12:04:53.136  WARN lhrlt-6591 --- [nio-8080-exec-6] .w.s.m.s.DefaultHandlerExceptionResolver : Resolved [org.springframework.web.method.annotation.MethodArgumentTypeMismatchException: Failed to convert value of type 'java.lang.String' to required type 'java.lang.Long'; nested exception is java.lang.NumberFormatException: For input string: "null"]
2021-11-10 12:04:55.783  WARN lhrlt-6591 --- [nio-8080-exec-2] .w.s.m.s.DefaultHandlerExceptionResolver : Resolved [org.springframework.web.method.annotation.MethodArgumentTypeMismatchException: Failed to convert value of type 'java.lang.String' to required type 'java.lang.Long'; nested exception is java.lang.NumberFormatException: For input string: "null"]
2021-11-10 12:04:57.690  INFO lhrlt-6591 --- [io-8080-exec-10] c.e.i.c.PartnerController                : Request fetchAllMtoPartner
2021-11-10 12:11:51.707  INFO lhrlt-6591 --- [nio-8080-exec-3] c.e.i.c.PartnerController                : Request findByMtoPartnerId partnerId ==> 1000
2021-11-10 12:12:38.327  INFO lhrlt-6591 --- [nio-8080-exec-7] c.e.i.c.PartnerController                : Request findByMtoPartnerId partnerId ==> 1000
2021-11-10 12:13:02.491  INFO lhrlt-6591 --- [nio-8080-exec-8] c.e.i.c.PartnerController                : Request findByMtoPartnerId partnerId ==> 1000
2021-11-10 12:13:29.094  INFO lhrlt-6591 --- [nio-8080-exec-9] c.e.i.c.PartnerController                : Request findByMtoPartnerId partnerId ==> 1000
2021-11-10 12:15:31.361  INFO lhrlt-6591 --- [nio-8080-exec-6] c.e.i.c.PartnerController                : Request findByMtoPartnerId partnerId ==> 1000
